{"C:\\00\\home\\Franc\\01_Projects\\neuron-fac\\dist\\tests\\src\\gp\\complete-examples\\square_function_evolvle_test.js":{"path":"C:\\00\\home\\Franc\\01_Projects\\neuron-fac\\dist\\tests\\src\\gp\\complete-examples\\square_function_evolvle_test.js","statementMap":{"0":{"start":{"line":2,"column":16},"end":{"line":10,"column":1}},"1":{"start":{"line":3,"column":28},"end":{"line":3,"column":110}},"2":{"start":{"line":3,"column":91},"end":{"line":3,"column":106}},"3":{"start":{"line":4,"column":4},"end":{"line":9,"column":7}},"4":{"start":{"line":5,"column":36},"end":{"line":5,"column":97}},"5":{"start":{"line":5,"column":42},"end":{"line":5,"column":70}},"6":{"start":{"line":5,"column":85},"end":{"line":5,"column":95}},"7":{"start":{"line":6,"column":35},"end":{"line":6,"column":100}},"8":{"start":{"line":6,"column":41},"end":{"line":6,"column":73}},"9":{"start":{"line":6,"column":88},"end":{"line":6,"column":98}},"10":{"start":{"line":7,"column":32},"end":{"line":7,"column":116}},"11":{"start":{"line":8,"column":8},"end":{"line":8,"column":78}},"12":{"start":{"line":11,"column":0},"end":{"line":11,"column":62}},"13":{"start":{"line":12,"column":15},"end":{"line":12,"column":30}},"14":{"start":{"line":13,"column":24},"end":{"line":13,"column":76}},"15":{"start":{"line":14,"column":14},"end":{"line":14,"column":56}},"16":{"start":{"line":15,"column":29},"end":{"line":15,"column":132}},"17":{"start":{"line":15,"column":57},"end":{"line":15,"column":132}},"18":{"start":{"line":17,"column":19},"end":{"line":20,"column":9}},"19":{"start":{"line":21,"column":0},"end":{"line":26,"column":3}},"20":{"start":{"line":22,"column":4},"end":{"line":25,"column":8}},"21":{"start":{"line":22,"column":58},"end":{"line":25,"column":6}},"22":{"start":{"line":23,"column":19},"end":{"line":23,"column":80}},"23":{"start":{"line":24,"column":8},"end":{"line":24,"column":64}}},"fnMap":{"0":{"name":"(anonymous_0)","decl":{"start":{"line":2,"column":44},"end":{"line":2,"column":45}},"loc":{"start":{"line":2,"column":89},"end":{"line":10,"column":1}},"line":2},"1":{"name":"adopt","decl":{"start":{"line":3,"column":13},"end":{"line":3,"column":18}},"loc":{"start":{"line":3,"column":26},"end":{"line":3,"column":112}},"line":3},"2":{"name":"(anonymous_2)","decl":{"start":{"line":3,"column":70},"end":{"line":3,"column":71}},"loc":{"start":{"line":3,"column":89},"end":{"line":3,"column":108}},"line":3},"3":{"name":"(anonymous_3)","decl":{"start":{"line":4,"column":36},"end":{"line":4,"column":37}},"loc":{"start":{"line":4,"column":63},"end":{"line":9,"column":5}},"line":4},"4":{"name":"fulfilled","decl":{"start":{"line":5,"column":17},"end":{"line":5,"column":26}},"loc":{"start":{"line":5,"column":34},"end":{"line":5,"column":99}},"line":5},"5":{"name":"rejected","decl":{"start":{"line":6,"column":17},"end":{"line":6,"column":25}},"loc":{"start":{"line":6,"column":33},"end":{"line":6,"column":102}},"line":6},"6":{"name":"step","decl":{"start":{"line":7,"column":17},"end":{"line":7,"column":21}},"loc":{"start":{"line":7,"column":30},"end":{"line":7,"column":118}},"line":7},"7":{"name":"(anonymous_7)","decl":{"start":{"line":15,"column":29},"end":{"line":15,"column":30}},"loc":{"start":{"line":15,"column":57},"end":{"line":15,"column":132}},"line":15},"8":{"name":"(anonymous_8)","decl":{"start":{"line":21,"column":23},"end":{"line":21,"column":24}},"loc":{"start":{"line":21,"column":29},"end":{"line":26,"column":1}},"line":21},"9":{"name":"(anonymous_9)","decl":{"start":{"line":22,"column":52},"end":{"line":22,"column":53}},"loc":{"start":{"line":22,"column":58},"end":{"line":25,"column":6}},"line":22},"10":{"name":"(anonymous_10)","decl":{"start":{"line":22,"column":92},"end":{"line":22,"column":93}},"loc":{"start":{"line":22,"column":105},"end":{"line":25,"column":5}},"line":22}},"branchMap":{"0":{"loc":{"start":{"line":2,"column":16},"end":{"line":10,"column":1}},"type":"binary-expr","locations":[{"start":{"line":2,"column":17},"end":{"line":2,"column":21}},{"start":{"line":2,"column":25},"end":{"line":2,"column":39}},{"start":{"line":2,"column":44},"end":{"line":10,"column":1}}],"line":2},"1":{"loc":{"start":{"line":3,"column":35},"end":{"line":3,"column":109}},"type":"cond-expr","locations":[{"start":{"line":3,"column":56},"end":{"line":3,"column":61}},{"start":{"line":3,"column":64},"end":{"line":3,"column":109}}],"line":3},"2":{"loc":{"start":{"line":4,"column":16},"end":{"line":4,"column":34}},"type":"binary-expr","locations":[{"start":{"line":4,"column":16},"end":{"line":4,"column":17}},{"start":{"line":4,"column":22},"end":{"line":4,"column":33}}],"line":4},"3":{"loc":{"start":{"line":7,"column":32},"end":{"line":7,"column":115}},"type":"cond-expr","locations":[{"start":{"line":7,"column":46},"end":{"line":7,"column":67}},{"start":{"line":7,"column":70},"end":{"line":7,"column":115}}],"line":7},"4":{"loc":{"start":{"line":8,"column":51},"end":{"line":8,"column":67}},"type":"binary-expr","locations":[{"start":{"line":8,"column":51},"end":{"line":8,"column":61}},{"start":{"line":8,"column":65},"end":{"line":8,"column":67}}],"line":8}},"s":{"0":1,"1":1,"2":0,"3":1,"4":1,"5":1,"6":0,"7":0,"8":0,"9":0,"10":2,"11":1,"12":1,"13":1,"14":1,"15":1,"16":1,"17":1,"18":1,"19":1,"20":1,"21":1,"22":1,"23":1},"f":{"0":1,"1":1,"2":0,"3":1,"4":1,"5":0,"6":2,"7":1,"8":1,"9":1,"10":1},"b":{"0":[1,1,1],"1":[1,0],"2":[1,1],"3":[1,1],"4":[1,1]},"inputSourceMap":{"version":3,"file":"square_function_evolvle_test.js","sourceRoot":"","sources":["../../../../../tests/src/gp/complete-examples/square_function_evolvle_test.ts"],"names":[],"mappings":";;;;;;;;;;;AAAA,+BAA8B;AAC9B,6EAAoE;AAEpE,yDAAkE;AAElE,MAAM,oBAAoB,GAAG,CAAC,gBAAkC,EAAE,IAAY,EAAE,EAAE,CAAC,IAAI,uBAAO,CAC1F,YAAY,EACZ,gBAAgB,EAChB,QAAQ,EACR,IAAI,CACP,CAAC;AAGF,6DAA6D;AAC7D,MAAM,UAAU,GAAG,oBAAoB,CAAE;IACrC,CAAC,EAAE,EAAE,IAAI,EAAE,QAAQ,EAAE,KAAK,EAAE,CAAC,EAAE;IAC/B,CAAC,EAAE,EAAE,IAAI,EAAE,QAAQ,EAAE,KAAK,EAAE,CAAC,EAAE;CAClC,EAAE,KAAK,CAAC,CAAC;AAGV,QAAQ,CAAC,YAAY,EAAE,GAAG,EAAE;IACxB,EAAE,CAAC,2CAA2C,EAAE,GAAS,EAAE;QACvD,MAAM,EAAE,GAAG,MAAM,IAAA,qBAAe,EAAC,2BAA2B,CAAC,CAAC;QAC9D,IAAA,aAAM,EAAC,EAAE,CAAC,MAAM,CAAC,CAAC,CAAC,CAAC,CAAC,EAAE,CAAC,IAAI,CAAC,KAAK,CAAC,CAAC,CAAC,CAAC,EAAE,CAAC,CAAC,CAAC,CAAC;IAChD,CAAC,CAAA,CAAC,CAAC;AAIP,CAAC,CAAC,CAAC"},"_coverageSchema":"1a1c01bbd47fc00a2c39e90264f33305004495a9","hash":"d3783b8f78d1fe15f05df57c51b5f6b785b30f81","contentHash":"036ed6412fbad0ac4ece3d65a72665cee1ce3e2221c1e568fce78a84ddf82a77"},"C:\\00\\home\\Franc\\01_Projects\\neuron-fac\\dist\\src\\gp\\programs\\program-class.js":{"path":"C:\\00\\home\\Franc\\01_Projects\\neuron-fac\\dist\\src\\gp\\programs\\program-class.js","statementMap":{"0":{"start":{"line":2,"column":0},"end":{"line":2,"column":62}},"1":{"start":{"line":3,"column":0},"end":{"line":3,"column":25}},"2":{"start":{"line":4,"column":23},"end":{"line":4,"column":48}},"3":{"start":{"line":40,"column":18},"end":{"line":46,"column":1}},"4":{"start":{"line":41,"column":4},"end":{"line":45,"column":6}},"5":{"start":{"line":43,"column":38},"end":{"line":43,"column":60}},"6":{"start":{"line":49,"column":8},"end":{"line":49,"column":34}},"7":{"start":{"line":50,"column":8},"end":{"line":50,"column":33}},"8":{"start":{"line":51,"column":8},"end":{"line":51,"column":36}},"9":{"start":{"line":52,"column":8},"end":{"line":54,"column":9}},"10":{"start":{"line":53,"column":12},"end":{"line":53,"column":50}},"11":{"start":{"line":55,"column":8},"end":{"line":57,"column":19}},"12":{"start":{"line":60,"column":8},"end":{"line":60,"column":83}},"13":{"start":{"line":63,"column":0},"end":{"line":63,"column":26}}},"fnMap":{"0":{"name":"(anonymous_0)","decl":{"start":{"line":40,"column":18},"end":{"line":40,"column":19}},"loc":{"start":{"line":40,"column":52},"end":{"line":46,"column":1}},"line":40},"1":{"name":"(anonymous_1)","decl":{"start":{"line":43,"column":33},"end":{"line":43,"column":34}},"loc":{"start":{"line":43,"column":38},"end":{"line":43,"column":60}},"line":43},"2":{"name":"(anonymous_2)","decl":{"start":{"line":48,"column":4},"end":{"line":48,"column":5}},"loc":{"start":{"line":48,"column":93},"end":{"line":58,"column":5}},"line":48},"3":{"name":"(anonymous_3)","decl":{"start":{"line":59,"column":4},"end":{"line":59,"column":5}},"loc":{"start":{"line":59,"column":15},"end":{"line":61,"column":5}},"line":59}},"branchMap":{"0":{"loc":{"start":{"line":48,"column":26},"end":{"line":48,"column":37}},"type":"default-arg","locations":[{"start":{"line":48,"column":35},"end":{"line":48,"column":37}}],"line":48},"1":{"loc":{"start":{"line":48,"column":39},"end":{"line":48,"column":71}},"type":"default-arg","locations":[{"start":{"line":48,"column":52},"end":{"line":48,"column":71}}],"line":48},"2":{"loc":{"start":{"line":48,"column":79},"end":{"line":48,"column":91}},"type":"default-arg","locations":[{"start":{"line":48,"column":89},"end":{"line":48,"column":91}}],"line":48},"3":{"loc":{"start":{"line":52,"column":8},"end":{"line":54,"column":9}},"type":"if","locations":[{"start":{"line":52,"column":8},"end":{"line":54,"column":9}},{"start":{"line":52,"column":8},"end":{"line":54,"column":9}}],"line":52},"4":{"loc":{"start":{"line":52,"column":12},"end":{"line":52,"column":69}},"type":"binary-expr","locations":[{"start":{"line":52,"column":12},"end":{"line":52,"column":34}},{"start":{"line":52,"column":38},"end":{"line":52,"column":69}}],"line":52},"5":{"loc":{"start":{"line":55,"column":20},"end":{"line":57,"column":18}},"type":"cond-expr","locations":[{"start":{"line":56,"column":14},"end":{"line":56,"column":39}},{"start":{"line":57,"column":14},"end":{"line":57,"column":18}}],"line":55}},"s":{"0":1,"1":1,"2":1,"3":1,"4":4,"5":6,"6":38,"7":38,"8":38,"9":38,"10":1,"11":38,"12":4,"13":1},"f":{"0":4,"1":6,"2":38,"3":4},"b":{"0":[0],"1":[0],"2":[37],"3":[1,37],"4":[38,1],"5":[35,3]},"inputSourceMap":{"version":3,"file":"program-class.js","sourceRoot":"","sources":["../../../../src/gp/programs/program-class.ts"],"names":[],"mappings":";;;AAIA,iDAA6C;AAE7C;;;;;;;;;;;;;;;;;;;;;;;;;;;;;;;;;gFAiCgF;AAGhF,gFAAgF;AAChF,MAAM,SAAS,GAAG,CACd,aAAuB,EACvB,IAAsB,EACtB,OAAe,EAAY,EAAE;IAEzB,OAAO;QACH,GAAG,aAAa;QAChB,GAAG,MAAM,CAAC,IAAI,CAAC,IAAI,CAAC,CAAC,GAAG,CACpB,CAAC,CAAA,EAAE,CAAA,CAAC,GAAG,GAAG,GAAI,IAAI,CAAC,CAAC,CAAqB,CAAC,IAAI,CACjD,CAAC,IAAI,CAAC,GAAG,CAAC,EAAE;QACb,OAAO;KACV,CAAC;AACN,CAAC,CAAC;AAEN,MAAa,OAAQ,SAAQ,0BAAW;IAOpC,YACoB,QAAgB,EAChC,SAA2B,EAAE,EAC7B,UAAU,GAAG,mBAAmB,EAChC,IAAmB,EACnB,UAEG,EAAE;QAGL,KAAK,CAAC,MAAM,EAAE,UAAU,CAAC,CAAC;QATV,aAAQ,GAAR,QAAQ,CAAQ;QAH7B,oBAAe,GAAuB,IAAI,CAAC;QAc9C,IAAG,WAAW,IAAI,OAAO,IAAI,OAAO,CAAC,SAAS,KAAK,SAAS,EAAE;YAC1D,IAAI,CAAC,SAAS,GAAG,OAAO,CAAC,WAAW,CAAC,CAAC;SACzC;QAED,IAAI,CAAC,IAAI,GAAG,OAAO,IAAI,KAAK,QAAQ;YAChC,CAAC,CAAC,EAAC,eAAe,EAAE,IAAI,EAAC;YACzB,CAAC,CAAC,IAAI,CAAC;IACf,CAAC;IAED,QAAQ;QACJ,OAAO,SAAS,CACZ,KAAK,CAAC,QAAQ,EAAE,EAChB,IAAI,CAAC,MAAM,EACX,IAAI,CAAC,IAAI,CAAC,eAAe,CAC5B,CAAC;IACN,CAAC;CACJ;AAnCD,0BAmCC"},"_coverageSchema":"1a1c01bbd47fc00a2c39e90264f33305004495a9","hash":"e0b0994c56787f4d5f21027b2e00f70270bbef44","contentHash":"441aa31113c0826d3e95f61dc1146a737155c4a7328edd4c6f155750338e9944"},"C:\\00\\home\\Franc\\01_Projects\\neuron-fac\\dist\\src\\gp\\programs\\typed-object.js":{"path":"C:\\00\\home\\Franc\\01_Projects\\neuron-fac\\dist\\src\\gp\\programs\\typed-object.js","statementMap":{"0":{"start":{"line":7,"column":0},"end":{"line":7,"column":62}},"1":{"start":{"line":8,"column":0},"end":{"line":8,"column":29}},"2":{"start":{"line":9,"column":15},"end":{"line":9,"column":42}},"3":{"start":{"line":10,"column":31},"end":{"line":10,"column":82}},"4":{"start":{"line":14,"column":8},"end":{"line":14,"column":16}},"5":{"start":{"line":15,"column":8},"end":{"line":15,"column":29}},"6":{"start":{"line":16,"column":8},"end":{"line":16,"column":158}},"7":{"start":{"line":19,"column":8},"end":{"line":19,"column":70}},"8":{"start":{"line":22,"column":0},"end":{"line":22,"column":34}}},"fnMap":{"0":{"name":"(anonymous_0)","decl":{"start":{"line":13,"column":4},"end":{"line":13,"column":5}},"loc":{"start":{"line":13,"column":36},"end":{"line":17,"column":5}},"line":13},"1":{"name":"(anonymous_1)","decl":{"start":{"line":18,"column":4},"end":{"line":18,"column":5}},"loc":{"start":{"line":18,"column":15},"end":{"line":20,"column":5}},"line":18}},"branchMap":{},"s":{"0":1,"1":1,"2":1,"3":1,"4":38,"5":38,"6":38,"7":4,"8":1},"f":{"0":38,"1":4},"b":{},"inputSourceMap":{"version":3,"file":"typed-object.js","sourceRoot":"","sources":["../../../../src/gp/programs/typed-object.ts"],"names":[],"mappings":";AAAA;;;;gFAIgF;;;AAEhF,2CAAkD;AAGlD,mFAGkD;AAClD,gFAAgF;AAGhF,MAAa,WAAY,SAAQ,qBAAc;IAK3C,YACI,MAAwB,EACxB,UAAkB;QAElB,KAAK,EAAE,CAAC;QACR,IAAI,CAAC,MAAM,GAAG,MAAM,CAAC;QACrB,IAAI,CAAC,aAAa,GAAG,IAAI,oCAAa,CAAC,IAAA,wDAAiC,EAAC,IAAI,CAAC,MAAM,EAAE,UAAU,CAAC,CAAC,CAAC;IACvG,CAAC;IAED,QAAQ;QACJ,OAAO,CAAC,qBAAqB,IAAI,CAAC,aAAa,CAAC,UAAU,EAAE,CAAC,CAAA;IACjE,CAAC;CACJ;AAjBD,kCAiBC"},"_coverageSchema":"1a1c01bbd47fc00a2c39e90264f33305004495a9","hash":"47ab45603bed7364d2e7bd3d1164fcbccf3db714","contentHash":"b37c315957be34273a8ec70b9831306fd1eb5b447768e3d57add328b9459799f"},"C:\\00\\home\\Franc\\01_Projects\\neuron-fac\\dist\\src\\utils\\uuid.js":{"path":"C:\\00\\home\\Franc\\01_Projects\\neuron-fac\\dist\\src\\utils\\uuid.js","statementMap":{"0":{"start":{"line":2,"column":0},"end":{"line":2,"column":62}},"1":{"start":{"line":3,"column":0},"end":{"line":3,"column":50}},"2":{"start":{"line":4,"column":15},"end":{"line":4,"column":30}},"3":{"start":{"line":5,"column":16},"end":{"line":5,"column":38}},"4":{"start":{"line":5,"column":22},"end":{"line":5,"column":38}},"5":{"start":{"line":6,"column":0},"end":{"line":6,"column":26}},"6":{"start":{"line":9,"column":8},"end":{"line":9,"column":41}},"7":{"start":{"line":12,"column":0},"end":{"line":12,"column":40}}},"fnMap":{"0":{"name":"(anonymous_0)","decl":{"start":{"line":5,"column":16},"end":{"line":5,"column":17}},"loc":{"start":{"line":5,"column":22},"end":{"line":5,"column":38}},"line":5},"1":{"name":"(anonymous_1)","decl":{"start":{"line":8,"column":4},"end":{"line":8,"column":5}},"loc":{"start":{"line":8,"column":18},"end":{"line":10,"column":5}},"line":8}},"branchMap":{},"s":{"0":1,"1":1,"2":1,"3":1,"4":43,"5":1,"6":42,"7":1},"f":{"0":43,"1":42},"b":{},"inputSourceMap":{"version":3,"file":"uuid.js","sourceRoot":"","sources":["../../../src/utils/uuid.ts"],"names":[],"mappings":";;;AAAA,+BAAoC;AAE7B,MAAM,OAAO,GAAG,GAAW,EAAE,CAAC,IAAA,SAAM,GAAE,CAAC;AAAjC,QAAA,OAAO,WAA0B;AAE9C,MAAa,cAAc;IAEvB;QACI,IAAI,CAAC,EAAE,GAAG,IAAA,eAAO,GAAE,CAAC;IACxB,CAAC;CACJ;AALD,wCAKC"},"_coverageSchema":"1a1c01bbd47fc00a2c39e90264f33305004495a9","hash":"24a57f566a0829c98ecc7dc5492b264f7e8250d9","contentHash":"5dc7d8572096ff2a31029077c4a8691a32a78812895ea507f62ea0f1145e9baa"},"C:\\00\\home\\Franc\\01_Projects\\neuron-fac\\dist\\src\\gp\\programs\\program-arguments\\type-signature-class.js":{"path":"C:\\00\\home\\Franc\\01_Projects\\neuron-fac\\dist\\src\\gp\\programs\\program-arguments\\type-signature-class.js","statementMap":{"0":{"start":{"line":2,"column":0},"end":{"line":2,"column":62}},"1":{"start":{"line":3,"column":0},"end":{"line":3,"column":75}},"2":{"start":{"line":4,"column":20},"end":{"line":4,"column":63}},"3":{"start":{"line":5,"column":16},"end":{"line":5,"column":34}},"4":{"start":{"line":6,"column":35},"end":{"line":9,"column":1}},"5":{"start":{"line":7,"column":31},"end":{"line":7,"column":113}},"6":{"start":{"line":8,"column":4},"end":{"line":8,"column":57}},"7":{"start":{"line":10,"column":42},"end":{"line":22,"column":1}},"8":{"start":{"line":11,"column":21},"end":{"line":11,"column":47}},"9":{"start":{"line":12,"column":4},"end":{"line":13,"column":35}},"10":{"start":{"line":13,"column":8},"end":{"line":13,"column":35}},"11":{"start":{"line":14,"column":27},"end":{"line":14,"column":111}},"12":{"start":{"line":14,"column":57},"end":{"line":14,"column":110}},"13":{"start":{"line":15,"column":34},"end":{"line":20,"column":54}},"14":{"start":{"line":17,"column":12},"end":{"line":17,"column":54}},"15":{"start":{"line":21,"column":4},"end":{"line":21,"column":33}},"16":{"start":{"line":23,"column":42},"end":{"line":36,"column":1}},"17":{"start":{"line":24,"column":27},"end":{"line":24,"column":53}},"18":{"start":{"line":28,"column":30},"end":{"line":28,"column":69}},"19":{"start":{"line":29,"column":4},"end":{"line":34,"column":5}},"20":{"start":{"line":30,"column":33},"end":{"line":30,"column":62}},"21":{"start":{"line":31,"column":33},"end":{"line":31,"column":65}},"22":{"start":{"line":32,"column":8},"end":{"line":32,"column":48}},"23":{"start":{"line":33,"column":8},"end":{"line":33,"column":78}},"24":{"start":{"line":35,"column":4},"end":{"line":35,"column":72}},"25":{"start":{"line":37,"column":0},"end":{"line":37,"column":78}},"26":{"start":{"line":38,"column":27},"end":{"line":40,"column":1}},"27":{"start":{"line":39,"column":4},"end":{"line":39,"column":75}},"28":{"start":{"line":43,"column":8},"end":{"line":46,"column":9}},"29":{"start":{"line":44,"column":12},"end":{"line":44,"column":61}},"30":{"start":{"line":45,"column":12},"end":{"line":45,"column":19}},"31":{"start":{"line":47,"column":8},"end":{"line":47,"column":115}},"32":{"start":{"line":50,"column":0},"end":{"line":50,"column":38}},"33":{"start":{"line":51,"column":0},"end":{"line":51,"column":43}}},"fnMap":{"0":{"name":"(anonymous_0)","decl":{"start":{"line":6,"column":35},"end":{"line":6,"column":36}},"loc":{"start":{"line":6,"column":75},"end":{"line":9,"column":1}},"line":6},"1":{"name":"(anonymous_1)","decl":{"start":{"line":10,"column":42},"end":{"line":10,"column":43}},"loc":{"start":{"line":10,"column":73},"end":{"line":22,"column":1}},"line":10},"2":{"name":"(anonymous_2)","decl":{"start":{"line":14,"column":41},"end":{"line":14,"column":42}},"loc":{"start":{"line":14,"column":57},"end":{"line":14,"column":110}},"line":14},"3":{"name":"(anonymous_3)","decl":{"start":{"line":16,"column":30},"end":{"line":16,"column":31}},"loc":{"start":{"line":16,"column":43},"end":{"line":18,"column":9}},"line":16},"4":{"name":"(anonymous_4)","decl":{"start":{"line":23,"column":42},"end":{"line":23,"column":43}},"loc":{"start":{"line":23,"column":73},"end":{"line":36,"column":1}},"line":23},"5":{"name":"(anonymous_5)","decl":{"start":{"line":38,"column":27},"end":{"line":38,"column":28}},"loc":{"start":{"line":38,"column":43},"end":{"line":40,"column":1}},"line":38},"6":{"name":"(anonymous_6)","decl":{"start":{"line":42,"column":4},"end":{"line":42,"column":5}},"loc":{"start":{"line":42,"column":28},"end":{"line":48,"column":5}},"line":42}},"branchMap":{"0":{"loc":{"start":{"line":12,"column":4},"end":{"line":13,"column":35}},"type":"if","locations":[{"start":{"line":12,"column":4},"end":{"line":13,"column":35}},{"start":{"line":12,"column":4},"end":{"line":13,"column":35}}],"line":12},"1":{"loc":{"start":{"line":29,"column":4},"end":{"line":34,"column":5}},"type":"if","locations":[{"start":{"line":29,"column":4},"end":{"line":34,"column":5}},{"start":{"line":29,"column":4},"end":{"line":34,"column":5}}],"line":29},"2":{"loc":{"start":{"line":43,"column":8},"end":{"line":46,"column":9}},"type":"if","locations":[{"start":{"line":43,"column":8},"end":{"line":46,"column":9}},{"start":{"line":43,"column":8},"end":{"line":46,"column":9}}],"line":43}},"s":{"0":1,"1":1,"2":1,"3":1,"4":1,"5":3,"6":3,"7":1,"8":42,"9":42,"10":1,"11":41,"12":31,"13":41,"14":72,"15":41,"16":1,"17":45,"18":45,"19":45,"20":3,"21":3,"22":3,"23":3,"24":42,"25":1,"26":1,"27":52,"28":54,"29":52,"30":52,"31":2,"32":1,"33":1},"f":{"0":3,"1":42,"2":31,"3":72,"4":45,"5":52,"6":54},"b":{"0":[1,41],"1":[3,42],"2":[52,2]},"inputSourceMap":{"version":3,"file":"type-signature-class.js","sourceRoot":"","sources":["../../../../../src/gp/programs/program-arguments/type-signature-class.ts"],"names":[],"mappings":";;;AAAA,gEAA4D;AAE5D,mCAAsC;AAMtC,MAAM,0BAA0B,GAAG,CAC/B,gBAAwB,EACxB,gBAAkC,EAAS,EAAE;IACzC,MAAM,kBAAkB,GAAG,IAAA,yCAAiC,EACxD,gBAAgB,EAChB,gBAAgB,CAAC,CAAC;IAC1B,OAAO,IAAI,gBAAgB,KAAK,kBAAkB,EAAE,CAAC;AACzD,CAAC,CAAA;AAED,MAAM,iCAAiC,GAAG,CACtC,aAA8C,EAC9C,UAAkB,EACT,EAAE;IACP,MAAM,QAAQ,GAAG,MAAM,CAAC,IAAI,CAAC,aAAa,CAAC,CAAC;IAC5C,IAAI,QAAQ,CAAC,MAAM,KAAK,CAAC;QAAE,OAAO,OAAO,UAAU,EAAE,CAAC;IACtD,MAAM,cAAc,GAAG,QAAQ,CAAC,IAAI,CAChC,CAAC,IAAI,EAAE,IAAI,EAAE,EAAE,CAAC,aAAa,CAAC,IAAI,CAAC,CAAC,KAAK,GAAG,aAAa,CAAC,IAAI,CAAC,CAAC,KAAK,CACxE,CAAC;IACF,MAAM,qBAAqB,GAAG;QAC1B,GAAG,cAAc,CAAC,GAAG,CAAC,CAAC,OAAO,EAAE,EAAE;YAClC,OAAO,IAAI,aAAa,CAAC,OAAO,CAAC,CAAC,IAAI,GAAG,CAAC;QAC9C,CAAC,CAAC;QACF,UAAU;KAAC,CAAC,IAAI,CAAC,IAAI,aAAa,CAAC,qBAAqB,GAAG,CAAC,CAAC;IAC7D,OAAO,qBAAqB,CAAC;AACrC,CAAC,CAAA;AAEM,MAAM,iCAAiC,GAAG,CAC7C,aAA+B,EAC/B,UAAkB,EACR,EAAE;IAER,MAAM,cAAc,GAAG,MAAM,CAAC,IAAI,CAAC,aAAa,CAAC,CAAC;IAElD;;4EAEwE;IACxE,MAAM,iBAAiB,GAAG,cAAc,CAAC,QAAQ,CAAC,cAAc,CAAC,CAAC;IAClE,IAAG,iBAAiB,EAAE;QAClB,MAAM,gBAAgB,GAAG,aAAa,CAAC,cAAc,CAAW,CAAC;QACjE,MAAM,gBAAgB,qBAAO,aAAa,CAAC,CAAC;QAC5C,OAAO,gBAAgB,CAAC,cAAc,CAAC,CAAC;QACxC,OAAO,0BAA0B,CAC7B,gBAAgB,EAChB,gBAAgB,CACnB,CAAC;KACL;IAED,OAAO,iCAAiC,CAAC,aAAgD,EAAE,UAAU,CAAC,CAAC;AAC3G,CAAC,CAAA;AAtBQ,QAAA,iCAAiC,qCAsBzC;AAIL,MAAM,kBAAkB,GAAG,CAAC,UAAkB,EAAU,EAAE;IACtD,OAAO,IAAA,mBAAW,EAAC,IAAA,oBAAQ,EAAC,UAAU,CAAC,CAAC,CAAC;AAC7C,CAAC,CAAC;AAEF,MAAa,aAAa;IAKtB,YAAY,UAAiC;QACzC,IAAI,OAAO,UAAU,KAAK,QAAQ,EAAC;YAC/B,IAAI,CAAC,UAAU,GAAG,kBAAkB,CAAC,UAAU,CAAC,CAAC;YACjD,OAAO;SACV;QAED,IAAI,CAAC,UAAU,GAAG,IAAA,yCAAiC,EAC/C,UAAU,CAAC,MAAM,EACjB,UAAU,CAAC,UAAU,CAAC,CAAC;IAC/B,CAAC;;AAdL,sCAeC;AAbU,mCAAqB,GAAG,IAAI,CAAC"},"_coverageSchema":"1a1c01bbd47fc00a2c39e90264f33305004495a9","hash":"5931c29c77ab551dd5d972e742721560b75f6126","contentHash":"7bb66ef032873067c2a570e8cddef902a7aef36cbb9ba2e4e00a9a797a94ffd7"},"C:\\00\\home\\Franc\\01_Projects\\neuron-fac\\dist\\src\\utils\\strings\\tokenizer.js":{"path":"C:\\00\\home\\Franc\\01_Projects\\neuron-fac\\dist\\src\\utils\\strings\\tokenizer.js","statementMap":{"0":{"start":{"line":2,"column":0},"end":{"line":2,"column":62}},"1":{"start":{"line":3,"column":0},"end":{"line":3,"column":66}},"2":{"start":{"line":4,"column":0},"end":{"line":9,"column":2}},"3":{"start":{"line":10,"column":20},"end":{"line":14,"column":1}},"4":{"start":{"line":11,"column":4},"end":{"line":12,"column":31}},"5":{"start":{"line":12,"column":8},"end":{"line":12,"column":31}},"6":{"start":{"line":13,"column":4},"end":{"line":13,"column":29}},"7":{"start":{"line":15,"column":0},"end":{"line":15,"column":34}},"8":{"start":{"line":16,"column":14},"end":{"line":36,"column":3}},"9":{"start":{"line":18,"column":26},"end":{"line":18,"column":39}},"10":{"start":{"line":20,"column":26},"end":{"line":20,"column":39}},"11":{"start":{"line":22,"column":26},"end":{"line":22,"column":40}},"12":{"start":{"line":23,"column":41},"end":{"line":23,"column":59}},"13":{"start":{"line":25,"column":41},"end":{"line":25,"column":59}},"14":{"start":{"line":26,"column":41},"end":{"line":26,"column":59}},"15":{"start":{"line":28,"column":41},"end":{"line":28,"column":48}},"16":{"start":{"line":29,"column":40},"end":{"line":29,"column":49}},"17":{"start":{"line":31,"column":40},"end":{"line":31,"column":52}},"18":{"start":{"line":32,"column":40},"end":{"line":32,"column":52}},"19":{"start":{"line":33,"column":32},"end":{"line":36,"column":1}},"20":{"start":{"line":34,"column":32},"end":{"line":34,"column":51}},"21":{"start":{"line":37,"column":19},"end":{"line":49,"column":1}},"22":{"start":{"line":38,"column":4},"end":{"line":48,"column":16}},"23":{"start":{"line":50,"column":17},"end":{"line":64,"column":1}},"24":{"start":{"line":51,"column":27},"end":{"line":51,"column":28}},"25":{"start":{"line":52,"column":19},"end":{"line":59,"column":6}},"26":{"start":{"line":55,"column":22},"end":{"line":55,"column":62}},"27":{"start":{"line":55,"column":38},"end":{"line":55,"column":61}},"28":{"start":{"line":56,"column":8},"end":{"line":58,"column":19}},"29":{"start":{"line":60,"column":4},"end":{"line":62,"column":5}},"30":{"start":{"line":61,"column":8},"end":{"line":61,"column":27}},"31":{"start":{"line":63,"column":4},"end":{"line":63,"column":18}},"32":{"start":{"line":65,"column":0},"end":{"line":65,"column":28}}},"fnMap":{"0":{"name":"(anonymous_0)","decl":{"start":{"line":10,"column":20},"end":{"line":10,"column":21}},"loc":{"start":{"line":10,"column":38},"end":{"line":14,"column":1}},"line":10},"1":{"name":"(anonymous_1)","decl":{"start":{"line":18,"column":16},"end":{"line":18,"column":17}},"loc":{"start":{"line":18,"column":26},"end":{"line":18,"column":39}},"line":18},"2":{"name":"(anonymous_2)","decl":{"start":{"line":20,"column":16},"end":{"line":20,"column":17}},"loc":{"start":{"line":20,"column":26},"end":{"line":20,"column":39}},"line":20},"3":{"name":"(anonymous_3)","decl":{"start":{"line":22,"column":16},"end":{"line":22,"column":17}},"loc":{"start":{"line":22,"column":26},"end":{"line":22,"column":40}},"line":22},"4":{"name":"(anonymous_4)","decl":{"start":{"line":23,"column":31},"end":{"line":23,"column":32}},"loc":{"start":{"line":23,"column":41},"end":{"line":23,"column":59}},"line":23},"5":{"name":"(anonymous_5)","decl":{"start":{"line":25,"column":31},"end":{"line":25,"column":32}},"loc":{"start":{"line":25,"column":41},"end":{"line":25,"column":59}},"line":25},"6":{"name":"(anonymous_6)","decl":{"start":{"line":26,"column":31},"end":{"line":26,"column":32}},"loc":{"start":{"line":26,"column":41},"end":{"line":26,"column":59}},"line":26},"7":{"name":"(anonymous_7)","decl":{"start":{"line":28,"column":31},"end":{"line":28,"column":32}},"loc":{"start":{"line":28,"column":41},"end":{"line":28,"column":48}},"line":28},"8":{"name":"(anonymous_8)","decl":{"start":{"line":29,"column":30},"end":{"line":29,"column":31}},"loc":{"start":{"line":29,"column":40},"end":{"line":29,"column":49}},"line":29},"9":{"name":"(anonymous_9)","decl":{"start":{"line":31,"column":30},"end":{"line":31,"column":31}},"loc":{"start":{"line":31,"column":40},"end":{"line":31,"column":52}},"line":31},"10":{"name":"(anonymous_10)","decl":{"start":{"line":32,"column":30},"end":{"line":32,"column":31}},"loc":{"start":{"line":32,"column":40},"end":{"line":32,"column":52}},"line":32},"11":{"name":"(anonymous_11)","decl":{"start":{"line":33,"column":6},"end":{"line":33,"column":7}},"loc":{"start":{"line":33,"column":32},"end":{"line":36,"column":1}},"line":33},"12":{"name":"(anonymous_12)","decl":{"start":{"line":34,"column":21},"end":{"line":34,"column":22}},"loc":{"start":{"line":34,"column":32},"end":{"line":34,"column":51}},"line":34},"13":{"name":"(anonymous_13)","decl":{"start":{"line":37,"column":19},"end":{"line":37,"column":20}},"loc":{"start":{"line":37,"column":30},"end":{"line":49,"column":1}},"line":37},"14":{"name":"(anonymous_14)","decl":{"start":{"line":50,"column":17},"end":{"line":50,"column":18}},"loc":{"start":{"line":50,"column":28},"end":{"line":64,"column":1}},"line":50},"15":{"name":"(anonymous_15)","decl":{"start":{"line":54,"column":13},"end":{"line":54,"column":14}},"loc":{"start":{"line":54,"column":21},"end":{"line":59,"column":5}},"line":54},"16":{"name":"(anonymous_16)","decl":{"start":{"line":55,"column":33},"end":{"line":55,"column":34}},"loc":{"start":{"line":55,"column":38},"end":{"line":55,"column":61}},"line":55}},"branchMap":{"0":{"loc":{"start":{"line":11,"column":4},"end":{"line":12,"column":31}},"type":"if","locations":[{"start":{"line":11,"column":4},"end":{"line":12,"column":31}},{"start":{"line":11,"column":4},"end":{"line":12,"column":31}}],"line":11},"1":{"loc":{"start":{"line":56,"column":15},"end":{"line":58,"column":18}},"type":"cond-expr","locations":[{"start":{"line":57,"column":14},"end":{"line":57,"column":32}},{"start":{"line":58,"column":14},"end":{"line":58,"column":18}}],"line":56}},"s":{"0":1,"1":1,"2":1,"3":1,"4":0,"5":0,"6":0,"7":1,"8":1,"9":3,"10":173,"11":0,"12":102,"13":80,"14":80,"15":6,"16":1,"17":6,"18":6,"19":10,"20":1801,"21":1,"22":66,"23":1,"24":66,"25":66,"26":457,"27":1801,"28":457,"29":66,"30":1543,"31":66,"32":1},"f":{"0":0,"1":3,"2":173,"3":0,"4":102,"5":80,"6":80,"7":6,"8":1,"9":6,"10":6,"11":10,"12":1801,"13":66,"14":66,"15":457,"16":1801},"b":{"0":[0,0],"1":[457,0]},"inputSourceMap":{"version":3,"file":"tokenizer.js","sourceRoot":"","sources":["../../../../src/utils/strings/tokenizer.ts"],"names":[],"mappings":";;;AAMa,QAAA,OAAO,GAAG;IACnB,EAAE,EAAG,UAAU;IACf,EAAE,EAAG,UAAU;IACf,EAAE,EAAG,UAAU;IACf,GAAG,EAAE,OAAO;CACf,CAAC;AAEK,MAAM,WAAW,GAAG,CAAC,MAAuB,EAAE,IAAY,EAAW,EAAE;IAC1E,IAAG,OAAO,MAAM,KAAK,QAAQ;QAAE,OAAO,MAAM,KAAK,IAAI,CAAC;IACtD,OAAO,MAAM,CAAC,IAAI,CAAC,IAAI,CAAC,CAAC;AAC7B,CAAC,CAAC;AAHW,QAAA,WAAW,eAGtB;AAMF,MAAM,KAAK,GAGL;IAEF,EAAE,OAAO,EAAE,UAAU;QACjB,MAAM,EAAE,CAAC,IAAY,EAAE,EAAE,CAAA,MAAM,IAAI,GAAG,EAAC;IAE3C,EAAE,OAAO,EAAE,kBAAkB;QACzB,MAAM,EAAE,CAAC,IAAY,EAAE,EAAE,CAAA,MAAM,IAAI,GAAG,EAAC;IAE3C,EAAE,OAAO,EAAE,UAAU;QACjB,MAAM,EAAE,CAAC,IAAY,EAAE,EAAE,CAAA,OAAO,IAAI,GAAG,EAAC;IAE5C,EAAE,OAAO,EAAE,MAAM,EAAG,MAAM,EAAE,CAAC,IAAY,EAAE,EAAE,CAAC,eAAO,CAAC,EAAE,EAAC;IACzD,4EAA4E;IAC5E,EAAE,OAAO,EAAE,MAAM,EAAG,MAAM,EAAE,CAAC,IAAY,EAAE,EAAE,CAAC,eAAO,CAAC,EAAE,EAAC;IACzD,EAAE,OAAO,EAAE,MAAM,EAAG,MAAM,EAAE,CAAC,IAAY,EAAE,EAAE,CAAC,eAAO,CAAC,EAAE,EAAC;IACzD,4EAA4E;IAC5E,EAAE,OAAO,EAAE,MAAM,EAAE,MAAM,EAAE,CAAC,IAAY,EAAE,EAAE,CAAA,OAAO,EAAC;IACpD,EAAE,OAAO,EAAE,KAAK,EAAG,MAAM,EAAE,CAAC,IAAY,EAAE,EAAE,CAAA,SAAS,EAAC;IACtD,4EAA4E;IAC5E,EAAE,OAAO,EAAE,KAAK,EAAO,MAAM,EAAE,CAAC,IAAY,EAAE,EAAE,CAAA,YAAY,EAAC;IAC7D,EAAE,OAAO,EAAE,KAAK,EAAO,MAAM,EAAE,CAAC,IAAY,EAAE,EAAE,CAAA,YAAY,EAAC;CAChE,CAAC,GAAG,CACD,CAAC,EAAC,OAAO,EAAE,MAAM,EAAC,EAAE,EAAE,CAAC,CAAC;IACpB,eAAe,EAAE,CAAC,KAAa,EAAE,EAAE,CAAC,OAAO,CAAC,IAAI,CAAC,KAAK,CAAC;IACvD,MAAM;CACT,CAAC,CACL,CAAC;AAEF,MAAM,UAAU,GAAG,CAAC,KAAa,EAAU,EAAE;IACzC,OAAO,KAAK;SACP,OAAO,CAAC,KAAK,EAAG,KAAK,CAAC;SACtB,OAAO,CAAC,KAAK,EAAG,KAAK,CAAC;SACtB,OAAO,CAAC,KAAK,EAAG,MAAM,CAAC;SACvB,OAAO,CAAC,KAAK,EAAG,KAAK,CAAC;SACtB,OAAO,CAAC,IAAI,EAAI,KAAK,CAAC;SACtB,OAAO,CAAC,IAAI,EAAI,KAAK,CAAC;SACtB,OAAO,CAAC,IAAI,EAAI,KAAK,CAAC;SACtB,OAAO,CAAC,MAAM,EAAE,GAAG,CAAC;SACpB,OAAO,CAAC,KAAK,EAAG,MAAM,CAAC;SACvB,IAAI,EAAE,CAAC;AAChB,CAAC,CAAC;AAEK,MAAM,QAAQ,GAAG,CAAC,KAAa,EAAY,EAAE;IAChD,IAAI,gBAAgB,GAAG,CAAC,CAAC;IACzB,MAAM,MAAM,GAAI,UAAU,CAAC,KAAK,CAAC;SAC5B,KAAK,CAAC,KAAK,CAAC;SACZ,GAAG,CAAC,IAAI,CAAC,EAAE;QACR,MAAM,KAAK,GAAG,KAAK,CAAC,IAAI,CAAC,CAAC,CAAC,EAAE,CAAC,CAAC,CAAC,eAAe,CAAC,IAAI,CAAC,CAAC,CAAC;QACvD,OAAO,KAAK;YACZ,CAAC,CAAC,KAAK,CAAC,MAAM,CAAC,IAAI,CAAC;YACpB,CAAC,CAAC,IAAI,CAAC;IACf,CAAC,CAAC,CAAA;IACF,OAAM,gBAAgB,GAAI,KAAK,CAAC,MAAM,EAAC;QACnC,gBAAgB,EAAE,CAAC;KACtB;IACD,OAAO,MAAM,CAAC;AAClB,CAAC,CAAA;AAdY,QAAA,QAAQ,YAcpB"},"_coverageSchema":"1a1c01bbd47fc00a2c39e90264f33305004495a9","hash":"a0ec4961eb343285dd5fa63902078bcd24b0e373","contentHash":"834bb0a85831053152e2408426fe86b4032f86e136cdfb0b7b53cc8eff3dad8a"},"C:\\00\\home\\Franc\\01_Projects\\neuron-fac\\dist\\src\\gp\\programs\\program-arguments\\utils.js":{"path":"C:\\00\\home\\Franc\\01_Projects\\neuron-fac\\dist\\src\\gp\\programs\\program-arguments\\utils.js","statementMap":{"0":{"start":{"line":5,"column":22},"end":{"line":15,"column":3}},"1":{"start":{"line":6,"column":4},"end":{"line":6,"column":33}},"2":{"start":{"line":6,"column":26},"end":{"line":6,"column":33}},"3":{"start":{"line":7,"column":15},"end":{"line":7,"column":52}},"4":{"start":{"line":8,"column":4},"end":{"line":10,"column":5}},"5":{"start":{"line":9,"column":6},"end":{"line":9,"column":68}},"6":{"start":{"line":9,"column":51},"end":{"line":9,"column":63}},"7":{"start":{"line":11,"column":4},"end":{"line":11,"column":39}},"8":{"start":{"line":13,"column":4},"end":{"line":13,"column":33}},"9":{"start":{"line":13,"column":26},"end":{"line":13,"column":33}},"10":{"start":{"line":14,"column":4},"end":{"line":14,"column":17}},"11":{"start":{"line":16,"column":25},"end":{"line":20,"column":2}},"12":{"start":{"line":17,"column":4},"end":{"line":17,"column":72}},"13":{"start":{"line":19,"column":4},"end":{"line":19,"column":21}},"14":{"start":{"line":21,"column":19},"end":{"line":27,"column":1}},"15":{"start":{"line":22,"column":4},"end":{"line":22,"column":42}},"16":{"start":{"line":22,"column":31},"end":{"line":22,"column":42}},"17":{"start":{"line":23,"column":17},"end":{"line":23,"column":19}},"18":{"start":{"line":24,"column":4},"end":{"line":24,"column":141}},"19":{"start":{"line":24,"column":21},"end":{"line":24,"column":141}},"20":{"start":{"line":24,"column":40},"end":{"line":24,"column":141}},"21":{"start":{"line":24,"column":109},"end":{"line":24,"column":141}},"22":{"start":{"line":25,"column":4},"end":{"line":25,"column":36}},"23":{"start":{"line":26,"column":4},"end":{"line":26,"column":18}},"24":{"start":{"line":28,"column":0},"end":{"line":28,"column":62}},"25":{"start":{"line":29,"column":0},"end":{"line":29,"column":95}},"26":{"start":{"line":30,"column":15},"end":{"line":30,"column":72}},"27":{"start":{"line":31,"column":31},"end":{"line":31,"column":64}},"28":{"start":{"line":33,"column":23},"end":{"line":44,"column":1}},"29":{"start":{"line":34,"column":4},"end":{"line":36,"column":5}},"30":{"start":{"line":35,"column":8},"end":{"line":35,"column":52}},"31":{"start":{"line":37,"column":4},"end":{"line":39,"column":5}},"32":{"start":{"line":38,"column":8},"end":{"line":38,"column":19}},"33":{"start":{"line":40,"column":4},"end":{"line":42,"column":5}},"34":{"start":{"line":41,"column":8},"end":{"line":41,"column":19}},"35":{"start":{"line":43,"column":4},"end":{"line":43,"column":17}},"36":{"start":{"line":45,"column":18},"end":{"line":52,"column":1}},"37":{"start":{"line":46,"column":4},"end":{"line":50,"column":5}},"38":{"start":{"line":47,"column":8},"end":{"line":49,"column":9}},"39":{"start":{"line":48,"column":12},"end":{"line":48,"column":33}},"40":{"start":{"line":51,"column":4},"end":{"line":51,"column":32}},"41":{"start":{"line":53,"column":20},"end":{"line":110,"column":1}},"42":{"start":{"line":54,"column":29},"end":{"line":54,"column":31}},"43":{"start":{"line":55,"column":19},"end":{"line":55,"column":21}},"44":{"start":{"line":56,"column":18},"end":{"line":56,"column":19}},"45":{"start":{"line":57,"column":4},"end":{"line":108,"column":7}},"46":{"start":{"line":58,"column":8},"end":{"line":62,"column":9}},"47":{"start":{"line":59,"column":12},"end":{"line":59,"column":25}},"48":{"start":{"line":60,"column":12},"end":{"line":60,"column":41}},"49":{"start":{"line":61,"column":12},"end":{"line":61,"column":19}},"50":{"start":{"line":63,"column":8},"end":{"line":75,"column":9}},"51":{"start":{"line":64,"column":31},"end":{"line":64,"column":38}},"52":{"start":{"line":65,"column":20},"end":{"line":65,"column":42}},"53":{"start":{"line":66,"column":12},"end":{"line":69,"column":13}},"54":{"start":{"line":67,"column":16},"end":{"line":67,"column":35}},"55":{"start":{"line":68,"column":16},"end":{"line":68,"column":43}},"56":{"start":{"line":70,"column":12},"end":{"line":70,"column":31}},"57":{"start":{"line":71,"column":12},"end":{"line":71,"column":34}},"58":{"start":{"line":72,"column":31},"end":{"line":72,"column":82}},"59":{"start":{"line":73,"column":12},"end":{"line":73,"column":36}},"60":{"start":{"line":74,"column":12},"end":{"line":74,"column":19}},"61":{"start":{"line":76,"column":8},"end":{"line":85,"column":9}},"62":{"start":{"line":77,"column":12},"end":{"line":84,"column":13}},"63":{"start":{"line":78,"column":16},"end":{"line":78,"column":44}},"64":{"start":{"line":79,"column":16},"end":{"line":79,"column":23}},"65":{"start":{"line":82,"column":16},"end":{"line":82,"column":34}},"66":{"start":{"line":83,"column":16},"end":{"line":83,"column":23}},"67":{"start":{"line":86,"column":8},"end":{"line":89,"column":9}},"68":{"start":{"line":87,"column":12},"end":{"line":87,"column":29}},"69":{"start":{"line":88,"column":12},"end":{"line":88,"column":19}},"70":{"start":{"line":90,"column":8},"end":{"line":93,"column":9}},"71":{"start":{"line":91,"column":12},"end":{"line":91,"column":29}},"72":{"start":{"line":92,"column":12},"end":{"line":92,"column":19}},"73":{"start":{"line":94,"column":8},"end":{"line":97,"column":9}},"74":{"start":{"line":95,"column":12},"end":{"line":95,"column":29}},"75":{"start":{"line":96,"column":12},"end":{"line":96,"column":19}},"76":{"start":{"line":98,"column":8},"end":{"line":106,"column":9}},"77":{"start":{"line":99,"column":12},"end":{"line":104,"column":13}},"78":{"start":{"line":100,"column":16},"end":{"line":100,"column":45}},"79":{"start":{"line":103,"column":16},"end":{"line":103,"column":57}},"80":{"start":{"line":105,"column":12},"end":{"line":105,"column":19}},"81":{"start":{"line":107,"column":8},"end":{"line":107,"column":53}},"82":{"start":{"line":109,"column":4},"end":{"line":109,"column":28}},"83":{"start":{"line":111,"column":0},"end":{"line":111,"column":34}},"84":{"start":{"line":113,"column":20},"end":{"line":121,"column":1}},"85":{"start":{"line":114,"column":19},"end":{"line":116,"column":35}},"86":{"start":{"line":117,"column":29},"end":{"line":117,"column":74}},"87":{"start":{"line":117,"column":52},"end":{"line":117,"column":73}},"88":{"start":{"line":118,"column":20},"end":{"line":118,"column":45}},"89":{"start":{"line":119,"column":19},"end":{"line":119,"column":78}},"90":{"start":{"line":119,"column":51},"end":{"line":119,"column":77}},"91":{"start":{"line":120,"column":4},"end":{"line":120,"column":18}},"92":{"start":{"line":122,"column":0},"end":{"line":122,"column":34}},"93":{"start":{"line":127,"column":42},"end":{"line":134,"column":1}},"94":{"start":{"line":128,"column":17},"end":{"line":128,"column":19}},"95":{"start":{"line":129,"column":21},"end":{"line":129,"column":111}},"96":{"start":{"line":130,"column":4},"end":{"line":132,"column":7}},"97":{"start":{"line":131,"column":8},"end":{"line":131,"column":62}},"98":{"start":{"line":133,"column":4},"end":{"line":133,"column":16}},"99":{"start":{"line":135,"column":0},"end":{"line":135,"column":78}}},"fnMap":{"0":{"name":"(anonymous_0)","decl":{"start":{"line":5,"column":74},"end":{"line":5,"column":75}},"loc":{"start":{"line":5,"column":96},"end":{"line":12,"column":1}},"line":5},"1":{"name":"(anonymous_1)","decl":{"start":{"line":9,"column":38},"end":{"line":9,"column":39}},"loc":{"start":{"line":9,"column":49},"end":{"line":9,"column":65}},"line":9},"2":{"name":"(anonymous_2)","decl":{"start":{"line":12,"column":6},"end":{"line":12,"column":7}},"loc":{"start":{"line":12,"column":28},"end":{"line":15,"column":1}},"line":12},"3":{"name":"(anonymous_3)","decl":{"start":{"line":16,"column":80},"end":{"line":16,"column":81}},"loc":{"start":{"line":16,"column":95},"end":{"line":18,"column":1}},"line":16},"4":{"name":"(anonymous_4)","decl":{"start":{"line":18,"column":5},"end":{"line":18,"column":6}},"loc":{"start":{"line":18,"column":20},"end":{"line":20,"column":1}},"line":18},"5":{"name":"(anonymous_5)","decl":{"start":{"line":21,"column":50},"end":{"line":21,"column":51}},"loc":{"start":{"line":21,"column":65},"end":{"line":27,"column":1}},"line":21},"6":{"name":"(anonymous_6)","decl":{"start":{"line":33,"column":23},"end":{"line":33,"column":24}},"loc":{"start":{"line":33,"column":34},"end":{"line":44,"column":1}},"line":33},"7":{"name":"(anonymous_7)","decl":{"start":{"line":45,"column":18},"end":{"line":45,"column":19}},"loc":{"start":{"line":45,"column":34},"end":{"line":52,"column":1}},"line":45},"8":{"name":"(anonymous_8)","decl":{"start":{"line":53,"column":20},"end":{"line":53,"column":21}},"loc":{"start":{"line":53,"column":32},"end":{"line":110,"column":1}},"line":53},"9":{"name":"(anonymous_9)","decl":{"start":{"line":57,"column":19},"end":{"line":57,"column":20}},"loc":{"start":{"line":57,"column":30},"end":{"line":108,"column":5}},"line":57},"10":{"name":"(anonymous_10)","decl":{"start":{"line":113,"column":20},"end":{"line":113,"column":21}},"loc":{"start":{"line":113,"column":39},"end":{"line":121,"column":1}},"line":113},"11":{"name":"(anonymous_11)","decl":{"start":{"line":117,"column":43},"end":{"line":117,"column":44}},"loc":{"start":{"line":117,"column":52},"end":{"line":117,"column":73}},"line":117},"12":{"name":"(anonymous_12)","decl":{"start":{"line":119,"column":43},"end":{"line":119,"column":44}},"loc":{"start":{"line":119,"column":51},"end":{"line":119,"column":77}},"line":119},"13":{"name":"(anonymous_13)","decl":{"start":{"line":127,"column":42},"end":{"line":127,"column":43}},"loc":{"start":{"line":127,"column":61},"end":{"line":134,"column":1}},"line":127},"14":{"name":"(anonymous_14)","decl":{"start":{"line":130,"column":21},"end":{"line":130,"column":22}},"loc":{"start":{"line":130,"column":41},"end":{"line":132,"column":5}},"line":130}},"branchMap":{"0":{"loc":{"start":{"line":5,"column":22},"end":{"line":15,"column":3}},"type":"binary-expr","locations":[{"start":{"line":5,"column":23},"end":{"line":5,"column":27}},{"start":{"line":5,"column":31},"end":{"line":5,"column":51}},{"start":{"line":5,"column":57},"end":{"line":15,"column":2}}],"line":5},"1":{"loc":{"start":{"line":5,"column":57},"end":{"line":15,"column":2}},"type":"cond-expr","locations":[{"start":{"line":5,"column":74},"end":{"line":12,"column":1}},{"start":{"line":12,"column":6},"end":{"line":15,"column":1}}],"line":5},"2":{"loc":{"start":{"line":6,"column":4},"end":{"line":6,"column":33}},"type":"if","locations":[{"start":{"line":6,"column":4},"end":{"line":6,"column":33}},{"start":{"line":6,"column":4},"end":{"line":6,"column":33}}],"line":6},"3":{"loc":{"start":{"line":8,"column":4},"end":{"line":10,"column":5}},"type":"if","locations":[{"start":{"line":8,"column":4},"end":{"line":10,"column":5}},{"start":{"line":8,"column":4},"end":{"line":10,"column":5}}],"line":8},"4":{"loc":{"start":{"line":8,"column":8},"end":{"line":8,"column":85}},"type":"binary-expr","locations":[{"start":{"line":8,"column":8},"end":{"line":8,"column":13}},{"start":{"line":8,"column":18},"end":{"line":8,"column":84}}],"line":8},"5":{"loc":{"start":{"line":8,"column":18},"end":{"line":8,"column":84}},"type":"cond-expr","locations":[{"start":{"line":8,"column":34},"end":{"line":8,"column":47}},{"start":{"line":8,"column":50},"end":{"line":8,"column":84}}],"line":8},"6":{"loc":{"start":{"line":8,"column":50},"end":{"line":8,"column":84}},"type":"binary-expr","locations":[{"start":{"line":8,"column":50},"end":{"line":8,"column":63}},{"start":{"line":8,"column":67},"end":{"line":8,"column":84}}],"line":8},"7":{"loc":{"start":{"line":13,"column":4},"end":{"line":13,"column":33}},"type":"if","locations":[{"start":{"line":13,"column":4},"end":{"line":13,"column":33}},{"start":{"line":13,"column":4},"end":{"line":13,"column":33}}],"line":13},"8":{"loc":{"start":{"line":16,"column":25},"end":{"line":20,"column":2}},"type":"binary-expr","locations":[{"start":{"line":16,"column":26},"end":{"line":16,"column":30}},{"start":{"line":16,"column":34},"end":{"line":16,"column":57}},{"start":{"line":16,"column":63},"end":{"line":20,"column":1}}],"line":16},"9":{"loc":{"start":{"line":16,"column":63},"end":{"line":20,"column":1}},"type":"cond-expr","locations":[{"start":{"line":16,"column":80},"end":{"line":18,"column":1}},{"start":{"line":18,"column":5},"end":{"line":20,"column":1}}],"line":16},"10":{"loc":{"start":{"line":21,"column":19},"end":{"line":27,"column":1}},"type":"binary-expr","locations":[{"start":{"line":21,"column":20},"end":{"line":21,"column":24}},{"start":{"line":21,"column":28},"end":{"line":21,"column":45}},{"start":{"line":21,"column":50},"end":{"line":27,"column":1}}],"line":21},"11":{"loc":{"start":{"line":22,"column":4},"end":{"line":22,"column":42}},"type":"if","locations":[{"start":{"line":22,"column":4},"end":{"line":22,"column":42}},{"start":{"line":22,"column":4},"end":{"line":22,"column":42}}],"line":22},"12":{"loc":{"start":{"line":22,"column":8},"end":{"line":22,"column":29}},"type":"binary-expr","locations":[{"start":{"line":22,"column":8},"end":{"line":22,"column":11}},{"start":{"line":22,"column":15},"end":{"line":22,"column":29}}],"line":22},"13":{"loc":{"start":{"line":24,"column":4},"end":{"line":24,"column":141}},"type":"if","locations":[{"start":{"line":24,"column":4},"end":{"line":24,"column":141}},{"start":{"line":24,"column":4},"end":{"line":24,"column":141}}],"line":24},"14":{"loc":{"start":{"line":24,"column":40},"end":{"line":24,"column":141}},"type":"if","locations":[{"start":{"line":24,"column":40},"end":{"line":24,"column":141}},{"start":{"line":24,"column":40},"end":{"line":24,"column":141}}],"line":24},"15":{"loc":{"start":{"line":24,"column":44},"end":{"line":24,"column":107}},"type":"binary-expr","locations":[{"start":{"line":24,"column":44},"end":{"line":24,"column":59}},{"start":{"line":24,"column":63},"end":{"line":24,"column":107}}],"line":24},"16":{"loc":{"start":{"line":34,"column":4},"end":{"line":36,"column":5}},"type":"if","locations":[{"start":{"line":34,"column":4},"end":{"line":36,"column":5}},{"start":{"line":34,"column":4},"end":{"line":36,"column":5}}],"line":34},"17":{"loc":{"start":{"line":34,"column":8},"end":{"line":34,"column":54}},"type":"binary-expr","locations":[{"start":{"line":34,"column":8},"end":{"line":34,"column":31}},{"start":{"line":34,"column":35},"end":{"line":34,"column":54}}],"line":34},"18":{"loc":{"start":{"line":37,"column":4},"end":{"line":39,"column":5}},"type":"if","locations":[{"start":{"line":37,"column":4},"end":{"line":39,"column":5}},{"start":{"line":37,"column":4},"end":{"line":39,"column":5}}],"line":37},"19":{"loc":{"start":{"line":40,"column":4},"end":{"line":42,"column":5}},"type":"if","locations":[{"start":{"line":40,"column":4},"end":{"line":42,"column":5}},{"start":{"line":40,"column":4},"end":{"line":42,"column":5}}],"line":40},"20":{"loc":{"start":{"line":46,"column":4},"end":{"line":50,"column":5}},"type":"if","locations":[{"start":{"line":46,"column":4},"end":{"line":50,"column":5}},{"start":{"line":46,"column":4},"end":{"line":50,"column":5}}],"line":46},"21":{"loc":{"start":{"line":47,"column":8},"end":{"line":49,"column":9}},"type":"if","locations":[{"start":{"line":47,"column":8},"end":{"line":49,"column":9}},{"start":{"line":47,"column":8},"end":{"line":49,"column":9}}],"line":47},"22":{"loc":{"start":{"line":47,"column":12},"end":{"line":47,"column":99}},"type":"binary-expr","locations":[{"start":{"line":47,"column":12},"end":{"line":47,"column":33}},{"start":{"line":47,"column":37},"end":{"line":47,"column":74}},{"start":{"line":47,"column":78},"end":{"line":47,"column":99}}],"line":47},"23":{"loc":{"start":{"line":58,"column":8},"end":{"line":62,"column":9}},"type":"if","locations":[{"start":{"line":58,"column":8},"end":{"line":62,"column":9}},{"start":{"line":58,"column":8},"end":{"line":62,"column":9}}],"line":58},"24":{"loc":{"start":{"line":63,"column":8},"end":{"line":75,"column":9}},"type":"if","locations":[{"start":{"line":63,"column":8},"end":{"line":75,"column":9}},{"start":{"line":63,"column":8},"end":{"line":75,"column":9}}],"line":63},"25":{"loc":{"start":{"line":76,"column":8},"end":{"line":85,"column":9}},"type":"if","locations":[{"start":{"line":76,"column":8},"end":{"line":85,"column":9}},{"start":{"line":76,"column":8},"end":{"line":85,"column":9}}],"line":76},"26":{"loc":{"start":{"line":77,"column":12},"end":{"line":84,"column":13}},"type":"if","locations":[{"start":{"line":77,"column":12},"end":{"line":84,"column":13}},{"start":{"line":77,"column":12},"end":{"line":84,"column":13}}],"line":77},"27":{"loc":{"start":{"line":86,"column":8},"end":{"line":89,"column":9}},"type":"if","locations":[{"start":{"line":86,"column":8},"end":{"line":89,"column":9}},{"start":{"line":86,"column":8},"end":{"line":89,"column":9}}],"line":86},"28":{"loc":{"start":{"line":90,"column":8},"end":{"line":93,"column":9}},"type":"if","locations":[{"start":{"line":90,"column":8},"end":{"line":93,"column":9}},{"start":{"line":90,"column":8},"end":{"line":93,"column":9}}],"line":90},"29":{"loc":{"start":{"line":94,"column":8},"end":{"line":97,"column":9}},"type":"if","locations":[{"start":{"line":94,"column":8},"end":{"line":97,"column":9}},{"start":{"line":94,"column":8},"end":{"line":97,"column":9}}],"line":94},"30":{"loc":{"start":{"line":98,"column":8},"end":{"line":106,"column":9}},"type":"if","locations":[{"start":{"line":98,"column":8},"end":{"line":106,"column":9}},{"start":{"line":98,"column":8},"end":{"line":106,"column":9}}],"line":98},"31":{"loc":{"start":{"line":99,"column":12},"end":{"line":104,"column":13}},"type":"if","locations":[{"start":{"line":99,"column":12},"end":{"line":104,"column":13}},{"start":{"line":99,"column":12},"end":{"line":104,"column":13}}],"line":99},"32":{"loc":{"start":{"line":114,"column":35},"end":{"line":116,"column":34}},"type":"cond-expr","locations":[{"start":{"line":115,"column":10},"end":{"line":115,"column":23}},{"start":{"line":116,"column":10},"end":{"line":116,"column":34}}],"line":114}},"s":{"0":1,"1":0,"2":0,"3":0,"4":0,"5":0,"6":0,"7":0,"8":0,"9":0,"10":0,"11":1,"12":0,"13":0,"14":1,"15":1,"16":1,"17":0,"18":0,"19":0,"20":0,"21":0,"22":0,"23":0,"24":1,"25":1,"26":1,"27":1,"28":1,"29":224,"30":75,"31":149,"32":73,"33":76,"34":73,"35":3,"36":1,"37":73,"38":69,"39":69,"40":4,"41":1,"42":54,"43":54,"44":54,"45":54,"46":379,"47":73,"48":73,"49":73,"50":306,"51":73,"52":73,"53":73,"54":78,"55":78,"56":73,"57":73,"58":73,"59":73,"60":73,"61":233,"62":84,"63":3,"64":3,"65":81,"66":81,"67":149,"68":3,"69":3,"70":146,"71":3,"72":3,"73":143,"74":3,"75":3,"76":140,"77":140,"78":75,"79":65,"80":140,"81":0,"82":54,"83":1,"84":1,"85":5,"86":5,"87":25,"88":5,"89":5,"90":7,"91":5,"92":1,"93":1,"94":0,"95":0,"96":0,"97":0,"98":0,"99":1},"f":{"0":0,"1":0,"2":0,"3":0,"4":0,"5":1,"6":224,"7":73,"8":54,"9":379,"10":5,"11":25,"12":7,"13":0,"14":0},"b":{"0":[1,1,1],"1":[1,0],"2":[0,0],"3":[0,0],"4":[0,0],"5":[0,0],"6":[0,0],"7":[0,0],"8":[1,1,1],"9":[1,0],"10":[1,1,1],"11":[1,0],"12":[1,1],"13":[0,0],"14":[0,0],"15":[0,0],"16":[75,149],"17":[224,75],"18":[73,76],"19":[73,3],"20":[69,4],"21":[69,0],"22":[69,69,69],"23":[73,306],"24":[73,233],"25":[84,149],"26":[3,81],"27":[3,146],"28":[3,143],"29":[3,140],"30":[140,0],"31":[75,65],"32":[1,4]},"inputSourceMap":{"version":3,"file":"utils.js","sourceRoot":"","sources":["../../../../../src/gp/programs/program-arguments/utils.ts"],"names":[],"mappings":";AAAA;;gFAEgF;;;;;;;;;;;;;;;;;;;;;;;;;;AAEhF,yEAA2D;AAE3D,iEAAuD;AACvD,gFAAgF;AAEhF,MAAM,cAAc,GAAG,CAAC,KAAa,EAAU,EAAE;IAC7C,IAAG,KAAK,CAAC,UAAU,CAAC,KAAK,CAAC,IAAI,KAAK,CAAC,QAAQ,CAAC,GAAG,CAAC,EAAE;QAC/C,OAAO,KAAK,CAAC,SAAS,CAAC,CAAC,EAAE,KAAK,CAAC,MAAM,GAAG,CAAC,CAAC,CAAC;KAC/C;IACD,IAAG,KAAK,KAAK,UAAU,EAAE;QACrB,OAAO,GAAG,CAAC;KACd;IACD,IAAG,KAAK,KAAK,UAAU,EAAE;QACrB,OAAO,GAAG,CAAC;KACd;IACD,OAAO,KAAK,CAAC;AACjB,CAAC,CAAC;AAEF,MAAM,SAAS,GAAG,CAAC,UAAoB,EAAU,EAAE;IAC/C,IAAG,UAAU,CAAC,MAAM,KAAK,CAAC,EAAE;QACxB,IAAG,UAAU,CAAC,CAAC,CAAC,KAAK,GAAG,IAAK,iBAAiB,CAAC,IAAI,CAAC,UAAU,CAAC,CAAC,CAAC,CAAC,IAAI,UAAU,CAAC,CAAC,CAAC,KAAK,GAAG,EAAE;YACzF,OAAO,UAAU,CAAC,CAAC,CAAC,CAAC;SACxB;KACJ;IACD,OAAO,UAAU,CAAC,IAAI,CAAC,GAAG,CAAC,CAAC;AAChC,CAAC,CAAC;AAEK,MAAM,WAAW,GAAG,CAAC,MAAgB,EAAU,EAAE;IAEpD,MAAM,gBAAgB,GAAa,EAAE,CAAC;IACtC,MAAM,MAAM,GAAa,EAAE,CAAC;IAC5B,IAAI,OAAO,GAAG,CAAC,CAAC;IAEhB,MAAM,CAAC,OAAO,CAAC,CAAC,KAAK,EAAE,EAAE;QAErB,IAAI,KAAK,KAAK,UAAU,EAAE;YACtB,OAAO,IAAI,CAAC,CAAC;YACb,gBAAgB,CAAC,IAAI,CAAC,KAAK,CAAC,CAAC;YAC7B,OAAO;SACV;QACD,IAAI,KAAK,KAAK,UAAU,EAAE;YACtB,MAAM,UAAU,GAAa,CAAC,KAAK,CAAC,CAAC;YACrC,IAAI,CAAC,GAAW,gBAAgB,CAAC,GAAG,EAAY,CAAC;YACjD,OAAO,CAAC,KAAK,UAAU,EAAE;gBACrB,UAAU,CAAC,IAAI,CAAC,CAAC,CAAC,CAAC;gBACnB,CAAC,GAAG,gBAAgB,CAAC,GAAG,EAAY,CAAC;aACxC;YACD,UAAU,CAAC,IAAI,CAAC,CAAC,CAAC,CAAC;YACnB,OAAO,GAAG,OAAO,GAAG,CAAC,CAAC;YACtB,MAAM,UAAU,GAAG,SAAS,CAAC,UAAU,CAAC,OAAO,EAAE,CAAC,GAAG,CAAC,cAAc,CAAC,CAAC,CAAC;YACvE,MAAM,CAAC,IAAI,CAAC,UAAU,CAAC,CAAC;YACxB,OAAO;SACV;QACD,IAAG,KAAK,KAAK,UAAU,EAAE;YACrB,IAAG,OAAO,GAAG,CAAC,EAAE;gBACZ,gBAAgB,CAAC,IAAI,CAAC,IAAI,CAAC,CAAC;gBAC5B,OAAO;aACV;iBAAM;gBACH,MAAM,CAAC,IAAI,CAAC,IAAI,CAAC,CAAC;gBAClB,OAAO;aACV;SACJ;QAED,IAAG,KAAK,KAAK,OAAO,EAAE;YAClB,MAAM,CAAC,IAAI,CAAC,GAAG,CAAC,CAAC;YACjB,OAAO;SACV;QAED,IAAG,KAAK,KAAK,YAAY,EAAE;YACvB,MAAM,CAAC,IAAI,CAAC,GAAG,CAAC,CAAC;YACjB,OAAO;SACV;QAED,IAAG,KAAK,KAAK,YAAY,EAAE;YACvB,MAAM,CAAC,IAAI,CAAC,GAAG,CAAC,CAAC;YACjB,OAAO;SACV;QAED,IAAG,sBAAsB,CAAC,IAAI,CAAC,KAAK,CAAC,EAAE;YACnC,IAAG,OAAO,GAAG,CAAC,EAAE;gBACZ,gBAAgB,CAAC,IAAI,CAAC,KAAK,CAAC,CAAC;aAChC;iBAAM;gBACH,MAAM,CAAC,IAAI,CAAC,KAAK,CAAC,OAAO,CAAC,QAAQ,EAAE,EAAE,CAAC,CAAC,CAAC;aAC5C;YACD,OAAO;SACV;QAED,MAAK,CAAC,IAAI,KAAK,CAAC,iBAAiB,GAAG,KAAK,CAAC,CAAC,CAAC;IAChD,CAAC,CAAC,CAAC;IAEH,OAAO,MAAM,CAAC,IAAI,CAAC,GAAG,CAAC,CAAC;AAC5B,CAAC,CAAC;AAhEW,QAAA,WAAW,eAgEtB;AAEF,8CAA8C;AACvC,MAAM,WAAW,GAAG,CACvB,aAAqC,EACzB,EAAE;IAEd,MAAM,MAAM,GAAG,MAAM,CAAC,QAAQ,CAC1B,OAAM,CAAC,aAAa,CAAC,KAAK,QAAQ;QAC9B,CAAC,CAAC,aAAa;QACf,CAAC,CAAC,aAAa,CAAC,UAAU,CAC7B,CAAA;IAEL,MAAM,gBAAgB,GAAG,MAAM,CAAC,MAAM,CAAC,KAAK,CAAC,EAAE,CAAC,SAAS,CAAC,IAAI,CAAC,KAAK,CAAC,CAAC,CAAC;IACvE,MAAM,OAAO,GAAG,IAAI,GAAG,CAAC,gBAAgB,CAAgB,CAAC;IACzD,MAAM,MAAM,GAAG,KAAK,CAAC,IAAI,CAAC,OAAO,CAAC,CAAC,GAAG,CAAC,IAAI,CAAC,EAAE,CAAC,IAAI,CAAC,OAAO,CAAC,QAAQ,EAAE,EAAE,CAAC,CAAC,CAAC;IAC3E,OAAO,MAAM,CAAC;AAClB,CAAC,CAAA;AAdY,QAAA,WAAW,eAcvB;AACD;;;iFAGiF;AAC1E,MAAM,iCAAiC,GAC1C,CAAC,aAA4B,EAAoB,EAAE;IAE/C,MAAM,IAAI,GAAqB,EAAE,CAAC;IAClC,MAAM,QAAQ,GAAG,aAAa,CAAC,UAAU,CAAC,KAAK,CAC3C,oCAAa,CAAC,qBAAqB,CACtC,CAAC;IACF,QAAQ,CAAC,OAAO,CAAC,CAAC,OAAO,EAAE,KAAK,EAAE,EAAE;QAChC,IAAI,CAAC,MAAM,KAAK,EAAE,CAAC,GAAG,EAAE,KAAK,EAAE,IAAI,EAAE,OAAO,CAAC,IAAI,EAAE,EAAE,CAAC;IAC1D,CAAC,CAAC,CAAC;IACH,OAAO,IAAI,CAAC;AAEhB,CAAC,CAAC;AAZO,QAAA,iCAAiC,qCAYxC"},"_coverageSchema":"1a1c01bbd47fc00a2c39e90264f33305004495a9","hash":"4bbf6130cd8bae58e652c5cf54ef256bbc1ee820","contentHash":"13337db77b3ba12052d858a9cc8d6e0e89a1db3294716cc61fe94092f89e000b"},"C:\\00\\home\\Franc\\01_Projects\\neuron-fac\\dist\\src\\utils\\files\\csv.js":{"path":"C:\\00\\home\\Franc\\01_Projects\\neuron-fac\\dist\\src\\utils\\files\\csv.js","statementMap":{"0":{"start":{"line":3,"column":22},"end":{"line":5,"column":1}},"1":{"start":{"line":4,"column":4},"end":{"line":4,"column":62}},"2":{"start":{"line":6,"column":0},"end":{"line":6,"column":62}},"3":{"start":{"line":7,"column":0},"end":{"line":7,"column":33}},"4":{"start":{"line":8,"column":13},"end":{"line":8,"column":43}},"5":{"start":{"line":9,"column":17},"end":{"line":9,"column":50}},"6":{"start":{"line":11,"column":24},"end":{"line":30,"column":1}},"7":{"start":{"line":13,"column":14},"end":{"line":21,"column":6}},"8":{"start":{"line":14,"column":8},"end":{"line":20,"column":11}},"9":{"start":{"line":15,"column":12},"end":{"line":17,"column":13}},"10":{"start":{"line":16,"column":16},"end":{"line":16,"column":53}},"11":{"start":{"line":18,"column":12},"end":{"line":18,"column":27}},"12":{"start":{"line":19,"column":12},"end":{"line":19,"column":30}},"13":{"start":{"line":23,"column":4},"end":{"line":29,"column":7}},"14":{"start":{"line":24,"column":8},"end":{"line":28,"column":11}},"15":{"start":{"line":26,"column":31},"end":{"line":27,"column":29}},"16":{"start":{"line":27,"column":26},"end":{"line":27,"column":28}},"17":{"start":{"line":31,"column":0},"end":{"line":31,"column":42}}},"fnMap":{"0":{"name":"(anonymous_0)","decl":{"start":{"line":3,"column":56},"end":{"line":3,"column":57}},"loc":{"start":{"line":3,"column":71},"end":{"line":5,"column":1}},"line":3},"1":{"name":"(anonymous_1)","decl":{"start":{"line":11,"column":24},"end":{"line":11,"column":25}},"loc":{"start":{"line":11,"column":38},"end":{"line":30,"column":1}},"line":11},"2":{"name":"(anonymous_2)","decl":{"start":{"line":13,"column":26},"end":{"line":13,"column":27}},"loc":{"start":{"line":13,"column":47},"end":{"line":21,"column":5}},"line":13},"3":{"name":"(anonymous_3)","decl":{"start":{"line":14,"column":48},"end":{"line":14,"column":49}},"loc":{"start":{"line":14,"column":63},"end":{"line":20,"column":9}},"line":14},"4":{"name":"(anonymous_4)","decl":{"start":{"line":23,"column":18},"end":{"line":23,"column":19}},"loc":{"start":{"line":23,"column":25},"end":{"line":29,"column":5}},"line":23},"5":{"name":"(anonymous_5)","decl":{"start":{"line":26,"column":21},"end":{"line":26,"column":22}},"loc":{"start":{"line":26,"column":31},"end":{"line":27,"column":29}},"line":26},"6":{"name":"(anonymous_6)","decl":{"start":{"line":27,"column":21},"end":{"line":27,"column":22}},"loc":{"start":{"line":27,"column":26},"end":{"line":27,"column":28}},"line":27}},"branchMap":{"0":{"loc":{"start":{"line":3,"column":22},"end":{"line":5,"column":1}},"type":"binary-expr","locations":[{"start":{"line":3,"column":23},"end":{"line":3,"column":27}},{"start":{"line":3,"column":31},"end":{"line":3,"column":51}},{"start":{"line":3,"column":56},"end":{"line":5,"column":1}}],"line":3},"1":{"loc":{"start":{"line":4,"column":11},"end":{"line":4,"column":61}},"type":"cond-expr","locations":[{"start":{"line":4,"column":37},"end":{"line":4,"column":40}},{"start":{"line":4,"column":43},"end":{"line":4,"column":61}}],"line":4},"2":{"loc":{"start":{"line":4,"column":12},"end":{"line":4,"column":33}},"type":"binary-expr","locations":[{"start":{"line":4,"column":12},"end":{"line":4,"column":15}},{"start":{"line":4,"column":19},"end":{"line":4,"column":33}}],"line":4},"3":{"loc":{"start":{"line":15,"column":12},"end":{"line":17,"column":13}},"type":"if","locations":[{"start":{"line":15,"column":12},"end":{"line":17,"column":13}},{"start":{"line":15,"column":12},"end":{"line":17,"column":13}}],"line":15}},"s":{"0":1,"1":1,"2":1,"3":1,"4":1,"5":1,"6":1,"7":2,"8":2,"9":2,"10":0,"11":2,"12":2,"13":2,"14":2,"15":11,"16":25,"17":1},"f":{"0":1,"1":2,"2":2,"3":2,"4":2,"5":11,"6":25},"b":{"0":[1,1,1],"1":[0,1],"2":[1,1],"3":[0,2]},"inputSourceMap":{"version":3,"file":"csv.js","sourceRoot":"","sources":["../../../../src/utils/files/csv.ts"],"names":[],"mappings":";AAAA,gFAAgF;;;;;;AAEhF,4CAAoB;AACpB,mDAAgD;AAChD,gFAAgF;AAEzE,MAAM,eAAe,GAAG,CAAC,QAAgB,EAAmB,EAAE;IACjE,IAAI,OAAe,CAAC;IACpB,MAAM,CAAC,GAAG,IAAI,OAAO,CAAC,CAAC,OAAO,EAAE,MAAM,EAAE,EAAE;QACtC,YAAE,CAAC,QAAQ,CAAC,QAAQ,EAAE,MAAM,EAAE,CAAC,GAAG,EAAE,IAAI,EAAE,EAAE;YACxC,IAAI,GAAG,EAAE;gBACL,OAAO,MAAM,CAAC,qBAAqB,CAAC,CAAC;aACxC;YACD,OAAO,GAAG,IAAI,CAAC;YACf,OAAO,OAAO,CAAC,CAAC,CAAC,CAAC;QACtB,CAAC,CAAC,CAAC;IACP,CAAC,CAAC,CAAC;IAEH,6DAA6D;IAC7D,OAAO,CAAC,CAAC,IAAI,CAAC,CAAC,CAAC,EAAE,EAAE;QAChB,OAAO,IAAI,eAAM,CAAC,EAAC,MAAM,EAAE,OAAO;iBACjC,KAAK,CAAC,kBAAkB,CAAC;iBACzB,GAAG,CAAC,CAAC,IAAY,EAAE,EAAE,CAClB,IAAI,CAAC,KAAK,CAAC,iBAAiB,CAAC;iBACxB,GAAG,CAAC,CAAC,CAAA,EAAE,CAAA,CAAC,CAAC,CAAC,CAAC;SACnB,CAAC,CAAC;IACP,CAAC,CAAC,CAAA;AACN,CAAC,CAAA;AArBY,QAAA,eAAe,mBAqB3B"},"_coverageSchema":"1a1c01bbd47fc00a2c39e90264f33305004495a9","hash":"0e9da47adafd6fc0c2543688e48c39a5d950a53b","contentHash":"793026acffefb9ecb9a5f0614872ae02aad05c013fcc81b116ea048d6c27a284"},"C:\\00\\home\\Franc\\01_Projects\\neuron-fac\\dist\\src\\utils\\math\\algebra\\matrix.js":{"path":"C:\\00\\home\\Franc\\01_Projects\\neuron-fac\\dist\\src\\utils\\math\\algebra\\matrix.js","statementMap":{"0":{"start":{"line":2,"column":0},"end":{"line":2,"column":62}},"1":{"start":{"line":3,"column":0},"end":{"line":3,"column":69}},"2":{"start":{"line":5,"column":28},"end":{"line":5,"column":58}},"3":{"start":{"line":7,"column":0},"end":{"line":10,"column":2}},"4":{"start":{"line":12,"column":20},"end":{"line":16,"column":1}},"5":{"start":{"line":13,"column":4},"end":{"line":15,"column":58}},"6":{"start":{"line":14,"column":26},"end":{"line":14,"column":35}},"7":{"start":{"line":15,"column":22},"end":{"line":15,"column":56}},"8":{"start":{"line":15,"column":43},"end":{"line":15,"column":55}},"9":{"start":{"line":17,"column":0},"end":{"line":17,"column":34}},"10":{"start":{"line":21,"column":8},"end":{"line":21,"column":33}},"11":{"start":{"line":22,"column":8},"end":{"line":22,"column":30}},"12":{"start":{"line":23,"column":8},"end":{"line":23,"column":25}},"13":{"start":{"line":24,"column":8},"end":{"line":34,"column":9}},"14":{"start":{"line":25,"column":12},"end":{"line":25,"column":54}},"15":{"start":{"line":26,"column":12},"end":{"line":26,"column":60}},"16":{"start":{"line":27,"column":12},"end":{"line":29,"column":13}},"17":{"start":{"line":27,"column":43},"end":{"line":27,"column":78}},"18":{"start":{"line":28,"column":16},"end":{"line":28,"column":61}},"19":{"start":{"line":30,"column":12},"end":{"line":30,"column":41}},"20":{"start":{"line":31,"column":12},"end":{"line":31,"column":78}},"21":{"start":{"line":32,"column":12},"end":{"line":32,"column":39}},"22":{"start":{"line":33,"column":12},"end":{"line":33,"column":19}},"23":{"start":{"line":35,"column":8},"end":{"line":48,"column":9}},"24":{"start":{"line":36,"column":12},"end":{"line":36,"column":45}},"25":{"start":{"line":37,"column":12},"end":{"line":37,"column":51}},"26":{"start":{"line":39,"column":12},"end":{"line":39,"column":101}},"27":{"start":{"line":39,"column":69},"end":{"line":39,"column":99}},"28":{"start":{"line":41,"column":27},"end":{"line":41,"column":59}},"29":{"start":{"line":42,"column":12},"end":{"line":45,"column":15}},"30":{"start":{"line":46,"column":12},"end":{"line":46,"column":39}},"31":{"start":{"line":47,"column":12},"end":{"line":47,"column":19}},"32":{"start":{"line":49,"column":8},"end":{"line":49,"column":43}},"33":{"start":{"line":52,"column":29},"end":{"line":58,"column":9}},"34":{"start":{"line":53,"column":30},"end":{"line":53,"column":31}},"35":{"start":{"line":54,"column":12},"end":{"line":56,"column":13}},"36":{"start":{"line":54,"column":25},"end":{"line":54,"column":26}},"37":{"start":{"line":55,"column":16},"end":{"line":55,"column":71}},"38":{"start":{"line":57,"column":12},"end":{"line":57,"column":31}},"39":{"start":{"line":59,"column":8},"end":{"line":61,"column":9}},"40":{"start":{"line":60,"column":12},"end":{"line":60,"column":55}},"41":{"start":{"line":62,"column":8},"end":{"line":64,"column":29}},"42":{"start":{"line":67,"column":8},"end":{"line":67,"column":68}},"43":{"start":{"line":70,"column":8},"end":{"line":71,"column":27}},"44":{"start":{"line":74,"column":8},"end":{"line":76,"column":10}},"45":{"start":{"line":75,"column":43},"end":{"line":75,"column":54}},"46":{"start":{"line":79,"column":8},"end":{"line":81,"column":10}},"47":{"start":{"line":84,"column":8},"end":{"line":86,"column":9}},"48":{"start":{"line":85,"column":12},"end":{"line":85,"column":25}},"49":{"start":{"line":87,"column":8},"end":{"line":87,"column":101}},"50":{"start":{"line":87,"column":45},"end":{"line":87,"column":99}},"51":{"start":{"line":87,"column":69},"end":{"line":87,"column":98}},"52":{"start":{"line":90,"column":0},"end":{"line":90,"column":24}}},"fnMap":{"0":{"name":"(anonymous_0)","decl":{"start":{"line":12,"column":20},"end":{"line":12,"column":21}},"loc":{"start":{"line":12,"column":45},"end":{"line":16,"column":1}},"line":12},"1":{"name":"(anonymous_1)","decl":{"start":{"line":14,"column":16},"end":{"line":14,"column":17}},"loc":{"start":{"line":14,"column":26},"end":{"line":14,"column":35}},"line":14},"2":{"name":"(anonymous_2)","decl":{"start":{"line":15,"column":13},"end":{"line":15,"column":14}},"loc":{"start":{"line":15,"column":22},"end":{"line":15,"column":56}},"line":15},"3":{"name":"(anonymous_3)","decl":{"start":{"line":15,"column":33},"end":{"line":15,"column":34}},"loc":{"start":{"line":15,"column":43},"end":{"line":15,"column":55}},"line":15},"4":{"name":"(anonymous_4)","decl":{"start":{"line":20,"column":4},"end":{"line":20,"column":5}},"loc":{"start":{"line":20,"column":25},"end":{"line":50,"column":5}},"line":20},"5":{"name":"(anonymous_5)","decl":{"start":{"line":27,"column":36},"end":{"line":27,"column":37}},"loc":{"start":{"line":27,"column":43},"end":{"line":27,"column":78}},"line":27},"6":{"name":"(anonymous_6)","decl":{"start":{"line":39,"column":63},"end":{"line":39,"column":64}},"loc":{"start":{"line":39,"column":69},"end":{"line":39,"column":99}},"line":39},"7":{"name":"(anonymous_7)","decl":{"start":{"line":51,"column":4},"end":{"line":51,"column":5}},"loc":{"start":{"line":51,"column":18},"end":{"line":65,"column":5}},"line":51},"8":{"name":"(anonymous_8)","decl":{"start":{"line":52,"column":29},"end":{"line":52,"column":30}},"loc":{"start":{"line":52,"column":35},"end":{"line":58,"column":9}},"line":52},"9":{"name":"(anonymous_9)","decl":{"start":{"line":66,"column":4},"end":{"line":66,"column":5}},"loc":{"start":{"line":66,"column":26},"end":{"line":68,"column":5}},"line":66},"10":{"name":"(anonymous_10)","decl":{"start":{"line":69,"column":4},"end":{"line":69,"column":5}},"loc":{"start":{"line":69,"column":23},"end":{"line":72,"column":5}},"line":69},"11":{"name":"(anonymous_11)","decl":{"start":{"line":73,"column":4},"end":{"line":73,"column":5}},"loc":{"start":{"line":73,"column":27},"end":{"line":77,"column":5}},"line":73},"12":{"name":"(anonymous_12)","decl":{"start":{"line":75,"column":36},"end":{"line":75,"column":37}},"loc":{"start":{"line":75,"column":43},"end":{"line":75,"column":54}},"line":75},"13":{"name":"(anonymous_13)","decl":{"start":{"line":78,"column":4},"end":{"line":78,"column":5}},"loc":{"start":{"line":78,"column":21},"end":{"line":82,"column":5}},"line":78},"14":{"name":"(anonymous_14)","decl":{"start":{"line":83,"column":4},"end":{"line":83,"column":5}},"loc":{"start":{"line":83,"column":19},"end":{"line":88,"column":5}},"line":83},"15":{"name":"(anonymous_15)","decl":{"start":{"line":87,"column":33},"end":{"line":87,"column":34}},"loc":{"start":{"line":87,"column":45},"end":{"line":87,"column":99}},"line":87},"16":{"name":"(anonymous_16)","decl":{"start":{"line":87,"column":55},"end":{"line":87,"column":56}},"loc":{"start":{"line":87,"column":69},"end":{"line":87,"column":98}},"line":87}},"branchMap":{"0":{"loc":{"start":{"line":24,"column":8},"end":{"line":34,"column":9}},"type":"if","locations":[{"start":{"line":24,"column":8},"end":{"line":34,"column":9}},{"start":{"line":24,"column":8},"end":{"line":34,"column":9}}],"line":24},"1":{"loc":{"start":{"line":27,"column":12},"end":{"line":29,"column":13}},"type":"if","locations":[{"start":{"line":27,"column":12},"end":{"line":29,"column":13}},{"start":{"line":27,"column":12},"end":{"line":29,"column":13}}],"line":27},"2":{"loc":{"start":{"line":35,"column":8},"end":{"line":48,"column":9}},"type":"if","locations":[{"start":{"line":35,"column":8},"end":{"line":48,"column":9}},{"start":{"line":35,"column":8},"end":{"line":48,"column":9}}],"line":35},"3":{"loc":{"start":{"line":35,"column":12},"end":{"line":35,"column":43}},"type":"binary-expr","locations":[{"start":{"line":35,"column":12},"end":{"line":35,"column":24}},{"start":{"line":35,"column":28},"end":{"line":35,"column":43}}],"line":35},"4":{"loc":{"start":{"line":59,"column":8},"end":{"line":61,"column":9}},"type":"if","locations":[{"start":{"line":59,"column":8},"end":{"line":61,"column":9}},{"start":{"line":59,"column":8},"end":{"line":61,"column":9}}],"line":59},"5":{"loc":{"start":{"line":62,"column":15},"end":{"line":64,"column":28}},"type":"cond-expr","locations":[{"start":{"line":63,"column":14},"end":{"line":63,"column":31}},{"start":{"line":64,"column":14},"end":{"line":64,"column":28}}],"line":62},"6":{"loc":{"start":{"line":84,"column":8},"end":{"line":86,"column":9}},"type":"if","locations":[{"start":{"line":84,"column":8},"end":{"line":86,"column":9}},{"start":{"line":84,"column":8},"end":{"line":86,"column":9}}],"line":84},"7":{"loc":{"start":{"line":84,"column":12},"end":{"line":84,"column":104}},"type":"binary-expr","locations":[{"start":{"line":84,"column":12},"end":{"line":84,"column":53}},{"start":{"line":84,"column":57},"end":{"line":84,"column":104}}],"line":84}},"s":{"0":1,"1":1,"2":1,"3":1,"4":1,"5":57,"6":133,"7":76,"8":190,"9":1,"10":147,"11":147,"12":147,"13":147,"14":72,"15":72,"16":72,"17":124,"18":1,"19":71,"20":71,"21":71,"22":71,"23":75,"24":75,"25":75,"26":75,"27":126,"28":75,"29":75,"30":75,"31":75,"32":0,"33":61,"34":23,"35":23,"36":23,"37":50,"38":23,"39":61,"40":0,"41":61,"42":50,"43":56,"44":0,"45":0,"46":0,"47":71,"48":2,"49":69,"50":71,"51":107,"52":1},"f":{"0":57,"1":133,"2":76,"3":190,"4":147,"5":124,"6":126,"7":61,"8":23,"9":50,"10":56,"11":0,"12":0,"13":0,"14":71,"15":71,"16":107},"b":{"0":[72,75],"1":[1,71],"2":[75,0],"3":[75,75],"4":[0,61],"5":[38,23],"6":[2,69],"7":[71,69]},"inputSourceMap":{"version":3,"file":"matrix.js","sourceRoot":"","sources":["../../../../../src/utils/math/algebra/matrix.ts"],"names":[],"mappings":";;;AAAA,gFAAgF;AAChF,2DAAyE;AAEzE,gFAAgF;AAEnE,QAAA,YAAY,GAAG;IACxB,sBAAsB,EAAG,IAAI,KAAK,CAAC,wDAAwD,CAAC;IAC5F,eAAe,EAAU,IAAI,KAAK,CAAC,uBAAuB,CAAC;CAC9D,CAAC;AACF,gFAAgF;AAEzE,MAAM,WAAW,GAAG,CACvB,MAAkB,EAClB,GAAW,EACX,MAAc,EAAa,EAAE;IAE7B,OAAO,MAAM;SACR,MAAM,CAAC,CAAC,CAAC,EAAC,CAAC,EAAE,EAAE,CAAC,CAAC,KAAK,GAAG,CAAC;SAC1B,GAAG,CAAC,CAAC,GAAG,EAAE,EAAE,CAAC,GAAG,CAAC,MAAM,CAAC,CAAC,CAAC,EAAE,CAAC,EAAE,EAAE,CAAC,CAAC,KAAK,MAAM,CAAC,CAAC,CAAC;AAC1D,CAAC,CAAA;AARY,QAAA,WAAW,eAQvB;AACD,gFAAgF;AAEhF,MAAa,MAAM;IASf,YACI,OAIC;QAZE,oBAAe,GAAQ,CAAC,CAAC;QACzB,iBAAY,GAAW,CAAC,CAAC;QACzB,WAAM,GAAiB,EAAE,CAAC;QAY7B,IAAG,OAAO,CAAC,MAAM,EAAC;YACd,IAAI,CAAC,YAAY,GAAG,OAAO,CAAC,MAAM,CAAC,MAAM,CAAC;YAC1C,IAAI,CAAC,eAAe,GAAG,OAAO,CAAC,MAAM,CAAC,CAAC,CAAC,CAAC,MAAM,CAAC;YAChD,IAAG,OAAO,CAAC,MAAM,CAAC,IAAI,CAAC,GAAG,CAAC,EAAE,CAAC,GAAG,CAAC,MAAM,KAAK,IAAI,CAAC,eAAe,CAAC,EAAC;gBAC/D,MAAM,IAAI,KAAK,CAAC,2BAA2B,CAAC,CAAC;aAChD;YACD,IAAI,CAAC,MAAM,GAAG,OAAO,CAAC,MAAM,CAAC;YAC7B,IAAI,CAAC,UAAU,GAAG,IAAA,oCAAgB,EAAC,IAAI,CAAC,CAAC;YACzC,MAAM,CAAC,MAAM,CAAC,IAAI,CAAC,MAAM,CAAC,CAAC;YAC3B,OAAO;SACV;QACD,IAAG,OAAO,CAAC,IAAI,IAAI,OAAO,CAAC,OAAO,EAAC;YAC/B,IAAI,CAAC,YAAY,GAAO,OAAO,CAAC,IAAI,CAAC;YACrC,IAAI,CAAC,eAAe,GAAI,OAAO,CAAC,OAAO,CAAC;YACxC,oEAAoE;YACpE,IAAI,CAAC,MAAM,GAAG,KAAK,CAAC,IAAI,CACpB,EAAC,MAAM,EAAE,OAAO,CAAC,IAAI,EAAC,EAAE,GAAG,EAAE,CAAC,KAAK,CAAC,OAAO,CAAC,OAAO,CAAC,CAAC,IAAI,CAAC,CAAC,CAAC,CAC/D,CAAC;YACF,oEAAoE;YACpE,MAAM,MAAM,GAAY,OAAO,CAAC,IAAI,KAAK,OAAO,CAAC,OAAO,CAAC;YAEzD,IAAI,CAAC,UAAU,GAAG,CAAC;gBACf,QAAQ,EAAE,MAAM;gBAChB,WAAW,EAAE,MAAM;aACtB,CAAC,CAAC;YACH,MAAM,CAAC,MAAM,CAAC,IAAI,CAAC,MAAM,CAAC,CAAC;YAC3B,OAAO;SACV;QACD,MAAM,IAAI,KAAK,CAAC,iBAAiB,CAAC,CAAC;IACvC,CAAC;IAKD,WAAW;QAEP,MAAM,YAAY,GAAG,GAAW,EAAE;YAC9B,IAAI,WAAW,GAAG,CAAC,CAAC;YACpB,KAAI,IAAI,CAAC,GAAG,CAAC,EAAE,CAAC,GAAG,IAAI,CAAC,eAAe,EAAE,CAAC,EAAE,EAAC;gBACzC,WAAW,IAAI,IAAI,CAAC,MAAM,CAAC,CAAC,CAAC,CAAC,CAAC,CAAC,GAAG,IAAI,CAAC,QAAQ,CAAC,CAAC,EAAE,CAAC,CAAC,CAAC;aAC1D;YACD,OAAO,WAAW,CAAC;QACvB,CAAC,CAAC;QAEF,IAAG,IAAI,CAAC,YAAY,KAAK,IAAI,CAAC,eAAe,EAAC;YAC1C,MAAM,oBAAY,CAAC,eAAe,CAAC;SACtC;QACD,OAAO,IAAI,CAAC,YAAY,KAAK,CAAC;YAC1B,CAAC,CAAC,IAAI,CAAC,MAAM,CAAC,CAAC,CAAC,CAAC,CAAC,CAAC;YACnB,CAAC,CAAC,YAAY,EAAE,CAAC;IACzB,CAAC;IAED,QAAQ,CAAC,GAAW,EAAE,MAAc;QAChC,OAAO,IAAI,CAAC,GAAG,CAAC,CAAC,CAAC,EAAE,GAAG,GAAG,MAAM,CAAC,GAAG,IAAI,CAAC,KAAK,CAAC,GAAG,EAAE,MAAM,CAAC,CAAC;IAChE,CAAC;IAED,KAAK,CAAC,GAAW,EAAE,MAAc;QAC7B,OAAO,CAAC,IAAI,MAAM,CAAC,EAAE,MAAM,EAAE,IAAA,mBAAW,EAAC,IAAI,CAAC,MAAM,EAAE,GAAG,EAAE,MAAM,CAAC,EAAE,CAAC,CAAC;aACjE,WAAW,EAAE,CAAC;IACvB,CAAC;IAED,cAAc,CAAC,MAAc;QACzB,OAAO;YACH,MAAM,EAAE,IAAI,CAAC,MAAM,CAAC,GAAG,CAAC,GAAG,CAAC,EAAE,CAAC,GAAG,CAAC,MAAM,CAAC,CAAC;SAC9C,CAAC;IACN,CAAC;IAED,WAAW,CAAC,GAAW;QACnB,OAAO;YACH,MAAM,EAAE,IAAI,CAAC,MAAM,CAAC,GAAG,CAAC;SAC3B,CAAC;IACN,CAAC;IAED,MAAM,CAAC,MAAc;QACjB,IAAG,IAAI,CAAC,YAAY,KAAK,MAAM,CAAC,YAAY,IAAI,IAAI,CAAC,eAAe,KAAK,MAAM,CAAC,eAAe,EAAC;YAC5F,OAAO,KAAK,CAAC;SAChB;QACD,OAAO,IAAI,CAAC,MAAM,CAAC,KAAK,CAAC,CAAC,GAAG,EAAE,CAAC,EAAE,EAAE,CAAC,GAAG,CAAC,KAAK,CAAC,CAAC,KAAK,EAAE,CAAC,EAAE,EAAE,CAAC,KAAK,KAAK,MAAM,CAAC,MAAM,CAAC,CAAC,CAAC,CAAC,CAAC,CAAC,CAAC,CAAC,CAAC;IACjG,CAAC;CAGJ;AAjGD,wBAiGC"},"_coverageSchema":"1a1c01bbd47fc00a2c39e90264f33305004495a9","hash":"5d4fd196b31070b7b69b98f9c6d4dff85784cd1c","contentHash":"e050bc27be44c0a88883685b45ae466240c89c5213f4408ea2b58814100cf8a8"},"C:\\00\\home\\Franc\\01_Projects\\neuron-fac\\dist\\src\\utils\\math\\algebra\\matrix-properties.js":{"path":"C:\\00\\home\\Franc\\01_Projects\\neuron-fac\\dist\\src\\utils\\math\\algebra\\matrix-properties.js","statementMap":{"0":{"start":{"line":2,"column":0},"end":{"line":2,"column":62}},"1":{"start":{"line":3,"column":0},"end":{"line":3,"column":34}},"2":{"start":{"line":4,"column":28},"end":{"line":4,"column":58}},"3":{"start":{"line":5,"column":18},"end":{"line":7,"column":1}},"4":{"start":{"line":6,"column":4},"end":{"line":6,"column":58}},"5":{"start":{"line":8,"column":21},"end":{"line":11,"column":1}},"6":{"start":{"line":9,"column":23},"end":{"line":9,"column":65}},"7":{"start":{"line":10,"column":4},"end":{"line":10,"column":37}},"8":{"start":{"line":12,"column":25},"end":{"line":15,"column":2}},"9":{"start":{"line":12,"column":38},"end":{"line":15,"column":1}},"10":{"start":{"line":16,"column":0},"end":{"line":16,"column":44}}},"fnMap":{"0":{"name":"(anonymous_0)","decl":{"start":{"line":5,"column":18},"end":{"line":5,"column":19}},"loc":{"start":{"line":5,"column":30},"end":{"line":7,"column":1}},"line":5},"1":{"name":"(anonymous_1)","decl":{"start":{"line":8,"column":21},"end":{"line":8,"column":22}},"loc":{"start":{"line":8,"column":33},"end":{"line":11,"column":1}},"line":8},"2":{"name":"(anonymous_2)","decl":{"start":{"line":12,"column":25},"end":{"line":12,"column":26}},"loc":{"start":{"line":12,"column":38},"end":{"line":15,"column":1}},"line":12}},"branchMap":{},"s":{"0":1,"1":1,"2":1,"3":1,"4":71,"5":1,"6":71,"7":71,"8":1,"9":71,"10":1},"f":{"0":71,"1":71,"2":71},"b":{},"inputSourceMap":{"version":3,"file":"matrix-properties.js","sourceRoot":"","sources":["../../../../../src/utils/math/algebra/matrix-properties.ts"],"names":[],"mappings":";;;AAEA,2DAAgD;AAQhD,MAAM,SAAS,GAAG,CAAC,MAAc,EAAW,EAAE;IAC1C,OAAO,MAAM,CAAC,YAAY,KAAK,MAAM,CAAC,eAAe,CAAC;AAC1D,CAAC,CAAA;AAED,MAAM,YAAY,GAAG,CAAC,MAAc,EAAW,EAAE;IAC7C,MAAM,UAAU,GAAG,IAAA,6BAAS,EAAC,MAAM,CAAC,CAAC;IACrC,OAAO,MAAM,CAAC,MAAM,CAAC,UAAU,CAAC,CAAC;AACrC,CAAC,CAAA;AAEM,MAAM,gBAAgB,GAAC,CAAC,MAAc,EAAoB,EAAE,CAAC,CAAC;IACjE,QAAQ,EAAM,SAAS,CAAC,MAAM,CAAC;IAC/B,WAAW,EAAG,YAAY,CAAC,MAAM,CAAC;CACrC,CAAC,CAAC;AAHU,QAAA,gBAAgB,oBAG1B"},"_coverageSchema":"1a1c01bbd47fc00a2c39e90264f33305004495a9","hash":"a27f23606794e72121ce226c67cfe4c220bb5c5e","contentHash":"5281277d8764fbf542b2a1d34a60111fc7e3ebd16e5658b4233f2fca7febf3e4"},"C:\\00\\home\\Franc\\01_Projects\\neuron-fac\\dist\\src\\utils\\math\\algebra\\matrix-operations.js":{"path":"C:\\00\\home\\Franc\\01_Projects\\neuron-fac\\dist\\src\\utils\\math\\algebra\\matrix-operations.js","statementMap":{"0":{"start":{"line":2,"column":0},"end":{"line":2,"column":62}},"1":{"start":{"line":3,"column":0},"end":{"line":3,"column":67}},"2":{"start":{"line":5,"column":17},"end":{"line":5,"column":36}},"3":{"start":{"line":7,"column":22},"end":{"line":25,"column":1}},"4":{"start":{"line":8,"column":4},"end":{"line":10,"column":5}},"5":{"start":{"line":9,"column":8},"end":{"line":9,"column":53}},"6":{"start":{"line":11,"column":19},"end":{"line":14,"column":6}},"7":{"start":{"line":15,"column":4},"end":{"line":23,"column":5}},"8":{"start":{"line":15,"column":17},"end":{"line":15,"column":18}},"9":{"start":{"line":16,"column":8},"end":{"line":22,"column":9}},"10":{"start":{"line":16,"column":21},"end":{"line":16,"column":22}},"11":{"start":{"line":17,"column":22},"end":{"line":17,"column":23}},"12":{"start":{"line":18,"column":12},"end":{"line":20,"column":13}},"13":{"start":{"line":18,"column":25},"end":{"line":18,"column":26}},"14":{"start":{"line":19,"column":16},"end":{"line":19,"column":55}},"15":{"start":{"line":21,"column":12},"end":{"line":21,"column":38}},"16":{"start":{"line":24,"column":4},"end":{"line":24,"column":18}},"17":{"start":{"line":26,"column":0},"end":{"line":26,"column":38}},"18":{"start":{"line":29,"column":14},"end":{"line":34,"column":1}},"19":{"start":{"line":30,"column":4},"end":{"line":32,"column":5}},"20":{"start":{"line":31,"column":8},"end":{"line":31,"column":52}},"21":{"start":{"line":33,"column":4},"end":{"line":33,"column":66}},"22":{"start":{"line":33,"column":49},"end":{"line":33,"column":61}},"23":{"start":{"line":35,"column":0},"end":{"line":35,"column":22}},"24":{"start":{"line":38,"column":18},"end":{"line":49,"column":1}},"25":{"start":{"line":39,"column":22},"end":{"line":42,"column":6}},"26":{"start":{"line":43,"column":4},"end":{"line":47,"column":5}},"27":{"start":{"line":43,"column":17},"end":{"line":43,"column":18}},"28":{"start":{"line":44,"column":8},"end":{"line":46,"column":9}},"29":{"start":{"line":44,"column":21},"end":{"line":44,"column":22}},"30":{"start":{"line":45,"column":12},"end":{"line":45,"column":57}},"31":{"start":{"line":48,"column":4},"end":{"line":48,"column":21}},"32":{"start":{"line":50,"column":0},"end":{"line":50,"column":30}}},"fnMap":{"0":{"name":"(anonymous_0)","decl":{"start":{"line":7,"column":22},"end":{"line":7,"column":23}},"loc":{"start":{"line":7,"column":32},"end":{"line":25,"column":1}},"line":7},"1":{"name":"(anonymous_1)","decl":{"start":{"line":29,"column":14},"end":{"line":29,"column":15}},"loc":{"start":{"line":29,"column":26},"end":{"line":34,"column":1}},"line":29},"2":{"name":"(anonymous_2)","decl":{"start":{"line":33,"column":32},"end":{"line":33,"column":33}},"loc":{"start":{"line":33,"column":49},"end":{"line":33,"column":61}},"line":33},"3":{"name":"(anonymous_3)","decl":{"start":{"line":38,"column":18},"end":{"line":38,"column":19}},"loc":{"start":{"line":38,"column":30},"end":{"line":49,"column":1}},"line":38}},"branchMap":{"0":{"loc":{"start":{"line":8,"column":4},"end":{"line":10,"column":5}},"type":"if","locations":[{"start":{"line":8,"column":4},"end":{"line":10,"column":5}},{"start":{"line":8,"column":4},"end":{"line":10,"column":5}}],"line":8},"1":{"loc":{"start":{"line":30,"column":4},"end":{"line":32,"column":5}},"type":"if","locations":[{"start":{"line":30,"column":4},"end":{"line":32,"column":5}},{"start":{"line":30,"column":4},"end":{"line":32,"column":5}}],"line":30}},"s":{"0":1,"1":1,"2":1,"3":1,"4":1,"5":0,"6":1,"7":1,"8":1,"9":3,"10":3,"11":9,"12":9,"13":9,"14":27,"15":9,"16":1,"17":1,"18":1,"19":3,"20":0,"21":3,"22":9,"23":1,"24":1,"25":73,"26":73,"27":73,"28":127,"29":127,"30":252,"31":73,"32":1},"f":{"0":1,"1":3,"2":9,"3":73},"b":{"0":[0,1],"1":[0,3]},"inputSourceMap":{"version":3,"file":"matrix-operations.js","sourceRoot":"","sources":["../../../../../src/utils/math/algebra/matrix-operations.ts"],"names":[],"mappings":";;;AAAA,gFAAgF;AAChF,qCAAgD;AAChD,gFAAgF;AAEzE,MAAM,aAAa,GAAG,CAAC,CAAS,EAAE,CAAS,EAAU,EAAE;IAC1D,IAAG,CAAC,CAAC,eAAe,KAAK,CAAC,CAAC,YAAY,EAAC;QACpC,MAAM,IAAI,KAAK,CAAC,2BAA2B,CAAC,CAAC;KAChD;IACD,MAAM,MAAM,GAAG,IAAI,eAAM,CAAC;QACtB,IAAI,EAAM,CAAC,CAAC,YAAY;QACxB,OAAO,EAAG,CAAC,CAAC,eAAe;KAC9B,CAAC,CAAC;IAEH,KAAI,IAAI,CAAC,GAAG,CAAC,EAAE,CAAC,GAAG,CAAC,CAAC,YAAY,EAAE,CAAC,EAAE,EAAC;QACnC,KAAI,IAAI,CAAC,GAAG,CAAC,EAAE,CAAC,GAAG,CAAC,CAAC,eAAe,EAAE,CAAC,EAAE,EAAC;YACtC,IAAI,GAAG,GAAG,CAAC,CAAC;YACZ,KAAI,IAAI,CAAC,GAAG,CAAC,EAAE,CAAC,GAAG,CAAC,CAAC,eAAe,EAAE,CAAC,EAAE,EAAC;gBACtC,GAAG,IAAI,CAAC,CAAC,MAAM,CAAC,CAAC,CAAC,CAAC,CAAC,CAAC,GAAG,CAAC,CAAC,MAAM,CAAC,CAAC,CAAC,CAAC,CAAC,CAAC,CAAC;aAC1C;YACD,MAAM,CAAC,MAAM,CAAC,CAAC,CAAC,CAAC,CAAC,CAAC,GAAG,GAAG,CAAC;SAC7B;KACJ;IACD,OAAO,MAAM,CAAC;AAClB,CAAC,CAAC;AAnBW,QAAA,aAAa,iBAmBxB;AAEF,+DAA+D;AAC/D,kBAAkB;AACX,MAAM,KAAK,GAAG,CAAC,MAAc,EAAU,EAAE;IAC5C,IAAG,MAAM,CAAC,YAAY,KAAK,MAAM,CAAC,eAAe,EAAC;QAC9C,MAAM,qBAAY,CAAC,eAAe,CAAC;KACtC;IACD,OAAO,MAAM,CAAC,MAAM,CAAC,MAAM,CAAC,CAAC,GAAG,EAAE,GAAG,EAAE,CAAC,EAAE,EAAE,CAAC,GAAG,GAAG,GAAG,CAAC,CAAC,CAAC,EAAE,CAAC,CAAC,CAAC;AAClE,CAAC,CAAC;AALW,QAAA,KAAK,SAKhB;AAEF,8DAA8D;AAC9D,yCAAyC;AAClC,MAAM,SAAS,GAAG,CAAC,MAAc,EAAU,EAAE;IAChD,MAAM,SAAS,GAAG,IAAI,eAAM,CAAC;QACzB,IAAI,EAAE,MAAM,CAAC,eAAe;QAC5B,OAAO,EAAE,MAAM,CAAC,YAAY;KAC/B,CAAC,CAAC;IACH,KAAI,IAAI,CAAC,GAAG,CAAC,EAAE,CAAC,GAAG,MAAM,CAAC,YAAY,EAAE,CAAC,EAAE,EAAC;QACxC,KAAI,IAAI,CAAC,GAAG,CAAC,EAAE,CAAC,GAAG,MAAM,CAAC,eAAe,EAAE,CAAC,EAAE,EAAC;YAC3C,SAAS,CAAC,MAAM,CAAC,CAAC,CAAC,CAAC,CAAC,CAAC,GAAG,MAAM,CAAC,MAAM,CAAC,CAAC,CAAC,CAAC,CAAC,CAAC,CAAC;SAChD;KACJ;IACD,OAAO,SAAS,CAAC;AACrB,CAAC,CAAC;AAXW,QAAA,SAAS,aAWpB"},"_coverageSchema":"1a1c01bbd47fc00a2c39e90264f333050
[...]
":70},"end":{"line":14,"column":71}},"loc":{"start":{"line":14,"column":83},"end":{"line":20,"column":1}},"line":14},"9":{"name":"(anonymous_9)","decl":{"start":{"line":22,"column":18},"end":{"line":22,"column":19}},"loc":{"start":{"line":22,"column":49},"end":{"line":37,"column":1}},"line":22},"10":{"name":"(anonymous_10)","decl":{"start":{"line":30,"column":14},"end":{"line":30,"column":15}},"loc":{"start":{"line":30,"column":24},"end":{"line":33,"column":5}},"line":30},"11":{"name":"(anonymous_11)","decl":{"start":{"line":34,"column":15},"end":{"line":34,"column":16}},"loc":{"start":{"line":34,"column":24},"end":{"line":36,"column":5}},"line":34}},"branchMap":{"0":{"loc":{"start":{"line":2,"column":16},"end":{"line":10,"column":1}},"type":"binary-expr","locations":[{"start":{"line":2,"column":17},"end":{"line":2,"column":21}},{"start":{"line":2,"column":25},"end":{"line":2,"column":39}},{"start":{"line":2,"column":44},"end":{"line":10,"column":1}}],"line":2},"1":{"loc":{"start":{"line":3,"column":35},"end":{"line":3,"column":109}},"type":"cond-expr","locations":[{"start":{"line":3,"column":56},"end":{"line":3,"column":61}},{"start":{"line":3,"column":64},"end":{"line":3,"column":109}}],"line":3},"2":{"loc":{"start":{"line":4,"column":16},"end":{"line":4,"column":34}},"type":"binary-expr","locations":[{"start":{"line":4,"column":16},"end":{"line":4,"column":17}},{"start":{"line":4,"column":22},"end":{"line":4,"column":33}}],"line":4},"3":{"loc":{"start":{"line":7,"column":32},"end":{"line":7,"column":115}},"type":"cond-expr","locations":[{"start":{"line":7,"column":46},"end":{"line":7,"column":67}},{"start":{"line":7,"column":70},"end":{"line":7,"column":115}}],"line":7},"4":{"loc":{"start":{"line":8,"column":51},"end":{"line":8,"column":67}},"type":"binary-expr","locations":[{"start":{"line":8,"column":51},"end":{"line":8,"column":61}},{"start":{"line":8,"column":65},"end":{"line":8,"column":67}}],"line":8}},"s":{"0":1,"1":1,"2":0,"3":1,"4":0,"5":0,"6":0,"7":1,"8":1,"9":1,"10":1,"11":1,"12":1,"13":1,"14":1,"15":1,"16":1,"17":1,"18":0,"19":1,"20":1,"21":1,"22":0,"23":0,"24":1,"25":1},"f":{"0":1,"1":1,"2":0,"3":1,"4":0,"5":1,"6":1,"7":1,"8":1,"9":1,"10":0,"11":1},"b":{"0":[1,1,1],"1":[1,0],"2":[1,1],"3":[0,1],"4":[1,1]},"inputSourceMap":{"version":3,"file":"branches.js","sourceRoot":"","sources":["../../../../../src/utils/git/gitHub/branches.ts"],"names":[],"mappings":";;;;;;;;;;;;AACA,gDAA+C;AAIxC,MAAM,QAAQ,GAAG,CAAO,OAAgB,EAAE,IAAc,EAAyB,EAAE;IACtF,MAAM,MAAM,GAAG,MAAM,OAAO,CAAC,OAAO,CAAC,oCAAoC,EAAE;QACvE,KAAK,EAAE,IAAI,CAAC,KAAK;QACjB,IAAI,EAAE,IAAI,CAAC,IAAI;KAClB,CAAC,CAAC;IACH,OAAO,MAAM,CAAC,IAAI,CAAC;AACvB,CAAC,CAAA,CAAC;AANW,QAAA,QAAQ,YAMnB;AAEK,MAAM,SAAS,GAAG,CACrB,OAAgB,EAAE,IAAc,EAAE,UAAkB,EAA2B,EAAE;IACjF,OAAO,OAAO,CAAC,IAAI,CAAC,KAAK,CAAC,MAAM,CAAC;QAC7B,KAAK,EAAE,IAAI,CAAC,KAAK;QACjB,IAAI,EAAE,IAAI,CAAC,IAAI;QACf,IAAI,EAAE,UAAU;QAChB,IAAI,EAAE,QAAQ;QACd,KAAK,EAAE,UAAU,UAAU,EAAE;KAChC,CAAC;SACD,IAAI,CAAC,MAAM,CAAC,EAAE;QACX,OAAO,CAAC,GAAG,CAAC,MAAM,CAAC,CAAC;QACpB,OAAM;IACV,CAAC,CAAC;SACD,KAAK,CAAC,KAAK,CAAC,EAAE;QACX,OAAO,IAAI,eAAO,CAAC,KAAK,CAAC,CAAC;IAC9B,CAAC,CAAC,CAAC;AACP,CAAC,CAAC;AAhBW,QAAA,SAAS,aAgBpB"},"_coverageSchema":"1a1c01bbd47fc00a2c39e90264f33305004495a9","hash":"fe24678c2a748ceb6f3eea875c93e7193680d31e","contentHash":"72fae0b3fb712ca0c52b8322c999ccb061d1bc487b6b2e3910fd22981a8ba999"},"C:\\00\\home\\Franc\\01_Projects\\neuron-fac\\dist\\src\\utils\\problems\\types.js":{"path":"C:\\00\\home\\Franc\\01_Projects\\neuron-fac\\dist\\src\\utils\\problems\\types.js","statementMap":{"0":{"start":{"line":2,"column":0},"end":{"line":2,"column":62}},"1":{"start":{"line":3,"column":0},"end":{"line":3,"column":25}},"2":{"start":{"line":6,"column":8},"end":{"line":6,"column":27}},"3":{"start":{"line":7,"column":8},"end":{"line":9,"column":9}},"4":{"start":{"line":8,"column":12},"end":{"line":8,"column":39}},"5":{"start":{"line":12,"column":0},"end":{"line":12,"column":26}}},"fnMap":{"0":{"name":"(anonymous_0)","decl":{"start":{"line":5,"column":4},"end":{"line":5,"column":5}},"loc":{"start":{"line":5,"column":23},"end":{"line":10,"column":5}},"line":5}},"branchMap":{"0":{"loc":{"start":{"line":7,"column":8},"end":{"line":9,"column":9}},"type":"if","locations":[{"start":{"line":7,"column":8},"end":{"line":9,"column":9}},{"start":{"line":7,"column":8},"end":{"line":9,"column":9}}],"line":7}},"s":{"0":1,"1":1,"2":1,"3":1,"4":1,"5":1},"f":{"0":1},"b":{"0":[1,0]},"inputSourceMap":{"version":3,"file":"types.js","sourceRoot":"","sources":["../../../../src/utils/problems/types.ts"],"names":[],"mappings":";;;AAIA,MAAa,OAAO;IAChB,YAAY,KAAa;QACrB,OAAO,CAAC,GAAG,CAAC,KAAK,CAAC,CAAC;QACnB,IAAG,KAAK,YAAY,KAAK,EAAE;YACvB,OAAO,CAAC,GAAG,CAAC,KAAK,CAAC,OAAO,CAAC,CAAC;SAC9B;IAEL,CAAC;CACJ;AARD,0BAQC"},"_coverageSchema":"1a1c01bbd47fc00a2c39e90264f33305004495a9","hash":"e701c850b48668ac7b47429ce3fc7e65b98ebfe3","contentHash":"0205f27fa26921d0a8655438874d38a403430e1f4623917c1f5bf51b0afba7ce"},"C:\\00\\home\\Franc\\01_Projects\\neuron-fac\\dist\\src\\utils\\git\\gitHub\\pull-requests.js":{"path":"C:\\00\\home\\Franc\\01_Projects\\neuron-fac\\dist\\src\\utils\\git\\gitHub\\pull-requests.js","statementMap":{"0":{"start":{"line":2,"column":16},"end":{"line":10,"column":1}},"1":{"start":{"line":3,"column":28},"end":{"line":3,"column":110}},"2":{"start":{"line":3,"column":91},"end":{"line":3,"column":106}},"3":{"start":{"line":4,"column":4},"end":{"line":9,"column":7}},"4":{"start":{"line":5,"column":36},"end":{"line":5,"column":97}},"5":{"start":{"line":5,"column":42},"end":{"line":5,"column":70}},"6":{"start":{"line":5,"column":85},"end":{"line":5,"column":95}},"7":{"start":{"line":6,"column":35},"end":{"line":6,"column":100}},"8":{"start":{"line":6,"column":41},"end":{"line":6,"column":73}},"9":{"start":{"line":6,"column":88},"end":{"line":6,"column":98}},"10":{"start":{"line":7,"column":32},"end":{"line":7,"column":116}},"11":{"start":{"line":8,"column":8},"end":{"line":8,"column":78}},"12":{"start":{"line":11,"column":0},"end":{"line":11,"column":62}},"13":{"start":{"line":12,"column":0},"end":{"line":12,"column":30}},"14":{"start":{"line":13,"column":21},"end":{"line":19,"column":2}},"15":{"start":{"line":13,"column":40},"end":{"line":19,"column":2}},"16":{"start":{"line":14,"column":19},"end":{"line":17,"column":6}},"17":{"start":{"line":18,"column":4},"end":{"line":18,"column":23}},"18":{"start":{"line":20,"column":0},"end":{"line":20,"column":36}}},"fnMap":{"0":{"name":"(anonymous_0)","decl":{"start":{"line":2,"column":44},"end":{"line":2,"column":45}},"loc":{"start":{"line":2,"column":89},"end":{"line":10,"column":1}},"line":2},"1":{"name":"adopt","decl":{"start":{"line":3,"column":13},"end":{"line":3,"column":18}},"loc":{"start":{"line":3,"column":26},"end":{"line":3,"column":112}},"line":3},"2":{"name":"(anonymous_2)","decl":{"start":{"line":3,"column":70},"end":{"line":3,"column":71}},"loc":{"start":{"line":3,"column":89},"end":{"line":3,"column":108}},"line":3},"3":{"name":"(anonymous_3)","decl":{"start":{"line":4,"column":36},"end":{"line":4,"column":37}},"loc":{"start":{"line":4,"column":63},"end":{"line":9,"column":5}},"line":4},"4":{"name":"fulfilled","decl":{"start":{"line":5,"column":17},"end":{"line":5,"column":26}},"loc":{"start":{"line":5,"column":34},"end":{"line":5,"column":99}},"line":5},"5":{"name":"rejected","decl":{"start":{"line":6,"column":17},"end":{"line":6,"column":25}},"loc":{"start":{"line":6,"column":33},"end":{"line":6,"column":102}},"line":6},"6":{"name":"step","decl":{"start":{"line":7,"column":17},"end":{"line":7,"column":21}},"loc":{"start":{"line":7,"column":30},"end":{"line":7,"column":118}},"line":7},"7":{"name":"(anonymous_7)","decl":{"start":{"line":13,"column":21},"end":{"line":13,"column":22}},"loc":{"start":{"line":13,"column":40},"end":{"line":19,"column":2}},"line":13},"8":{"name":"(anonymous_8)","decl":{"start":{"line":13,"column":74},"end":{"line":13,"column":75}},"loc":{"start":{"line":13,"column":87},"end":{"line":19,"column":1}},"line":13}},"branchMap":{"0":{"loc":{"start":{"line":2,"column":16},"end":{"line":10,"column":1}},"type":"binary-expr","locations":[{"start":{"line":2,"column":17},"end":{"line":2,"column":21}},{"start":{"line":2,"column":25},"end":{"line":2,"column":39}},{"start":{"line":2,"column":44},"end":{"line":10,"column":1}}],"line":2},"1":{"loc":{"start":{"line":3,"column":35},"end":{"line":3,"column":109}},"type":"cond-expr","locations":[{"start":{"line":3,"column":56},"end":{"line":3,"column":61}},{"start":{"line":3,"column":64},"end":{"line":3,"column":109}}],"line":3},"2":{"loc":{"start":{"line":4,"column":16},"end":{"line":4,"column":34}},"type":"binary-expr","locations":[{"start":{"line":4,"column":16},"end":{"line":4,"column":17}},{"start":{"line":4,"column":22},"end":{"line":4,"column":33}}],"line":4},"3":{"loc":{"start":{"line":7,"column":32},"end":{"line":7,"column":115}},"type":"cond-expr","locations":[{"start":{"line":7,"column":46},"end":{"line":7,"column":67}},{"start":{"line":7,"column":70},"end":{"line":7,"column":115}}],"line":7},"4":{"loc":{"start":{"line":8,"column":51},"end":{"line":8,"column":67}},"type":"binary-expr","locations":[{"start":{"line":8,"column":51},"end":{"line":8,"column":61}},{"start":{"line":8,"column":65},"end":{"line":8,"column":67}}],"line":8}},"s":{"0":1,"1":1,"2":0,"3":1,"4":0,"5":0,"6":0,"7":1,"8":1,"9":1,"10":1,"11":1,"12":1,"13":1,"14":1,"15":1,"16":1,"17":0,"18":1},"f":{"0":1,"1":1,"2":0,"3":1,"4":0,"5":1,"6":1,"7":1,"8":1},"b":{"0":[1,1,1],"1":[1,0],"2":[1,1],"3":[0,1],"4":[1,1]},"inputSourceMap":{"version":3,"file":"pull-requests.js","sourceRoot":"","sources":["../../../../../src/utils/git/gitHub/pull-requests.ts"],"names":[],"mappings":";;;;;;;;;;;;AAGO,MAAM,YAAY,GAAG,CAAO,OAAgB,EAAE,IAAc,EAA8B,EAAE;IAC/F,MAAM,MAAM,GAAG,MAAM,OAAO,CAAC,OAAO,CAAC,iCAAiC,EAAE;QACpE,KAAK,EAAE,IAAI,CAAC,KAAK;QACjB,IAAI,EAAE,IAAI,CAAC,IAAI;KAClB,CAAC,CAAC;IACH,OAAO,MAAM,CAAC,IAAI,CAAC;AACvB,CAAC,CAAA,CAAC;AANW,QAAA,YAAY,gBAMvB"},"_coverageSchema":"1a1c01bbd47fc00a2c39e90264f33305004495a9","hash":"703d2dafb53d88e6f977180c5928fb4fd05bbd2c","contentHash":"185459089b62e1d246fe8b704b3ea45ce37653a575ffc037ebec320e350ffb6b"},"C:\\00\\home\\Franc\\01_Projects\\neuron-fac\\dist\\src\\utils\\strings\\parenthesis.js":{"path":"C:\\00\\home\\Franc\\01_Projects\\neuron-fac\\dist\\src\\utils\\strings\\parenthesis.js","statementMap":{"0":{"start":{"line":2,"column":0},"end":{"line":2,"column":62}},"1":{"start":{"line":3,"column":0},"end":{"line":3,"column":116}},"2":{"start":{"line":4,"column":23},"end":{"line":7,"column":1}},"3":{"start":{"line":5,"column":19},"end":{"line":5,"column":46}},"4":{"start":{"line":6,"column":4},"end":{"line":6,"column":18}},"5":{"start":{"line":8,"column":0},"end":{"line":8,"column":40}},"6":{"start":{"line":9,"column":0},"end":{"line":12,"column":2}},"7":{"start":{"line":13,"column":28},"end":{"line":45,"column":1}},"8":{"start":{"line":14,"column":4},"end":{"line":15,"column":28}},"9":{"start":{"line":15,"column":8},"end":{"line":15,"column":28}},"10":{"start":{"line":16,"column":19},"end":{"line":16,"column":21}},"11":{"start":{"line":17,"column":18},"end":{"line":17,"column":20}},"12":{"start":{"line":18,"column":27},"end":{"line":18,"column":28}},"13":{"start":{"line":19,"column":23},"end":{"line":23,"column":5}},"14":{"start":{"line":20,"column":8},"end":{"line":21,"column":40}},"15":{"start":{"line":21,"column":12},"end":{"line":21,"column":40}},"16":{"start":{"line":22,"column":8},"end":{"line":22,"column":21}},"17":{"start":{"line":24,"column":4},"end":{"line":41,"column":5}},"18":{"start":{"line":24,"column":17},"end":{"line":24,"column":18}},"19":{"start":{"line":25,"column":21},"end":{"line":25,"column":34}},"20":{"start":{"line":26,"column":8},"end":{"line":32,"column":9}},"21":{"start":{"line":27,"column":12},"end":{"line":28,"column":29}},"22":{"start":{"line":28,"column":16},"end":{"line":28,"column":29}},"23":{"start":{"line":29,"column":12},"end":{"line":29,"column":31}},"24":{"start":{"line":30,"column":12},"end":{"line":31,"column":25}},"25":{"start":{"line":31,"column":16},"end":{"line":31,"column":25}},"26":{"start":{"line":33,"column":8},"end":{"line":39,"column":9}},"27":{"start":{"line":34,"column":12},"end":{"line":34,"column":31}},"28":{"start":{"line":35,"column":12},"end":{"line":38,"column":13}},"29":{"start":{"line":36,"column":16},"end":{"line":36,"column":29}},"30":{"start":{"line":37,"column":16},"end":{"line":37,"column":25}},"31":{"start":{"line":40,"column":8},"end":{"line":40,"column":24}},"32":{"start":{"line":42,"column":4},"end":{"line":43,"column":36}},"33":{"start":{"line":43,"column":8},"end":{"line":43,"column":36}},"34":{"start":{"line":44,"column":4},"end":{"line":44,"column":18}},"35":{"start":{"line":46,"column":0},"end":{"line":46,"column":50}},"36":{"start":{"line":47,"column":22},"end":{"line":50,"column":1}},"37":{"start":{"line":48,"column":19},"end":{"line":48,"column":63}},"38":{"start":{"line":49,"column":4},"end":{"line":49,"column":18}},"39":{"start":{"line":51,"column":0},"end":{"line":51,"column":38}}},"fnMap":{"0":{"name":"(anonymous_0)","decl":{"start":{"line":4,"column":23},"end":{"line":4,"column":24}},"loc":{"start":{"line":4,"column":50},"end":{"line":7,"column":1}},"line":4},"1":{"name":"(anonymous_1)","decl":{"start":{"line":13,"column":28},"end":{"line":13,"column":29}},"loc":{"start":{"line":13,"column":84},"end":{"line":45,"column":1}},"line":13},"2":{"name":"(anonymous_2)","decl":{"start":{"line":19,"column":23},"end":{"line":19,"column":24}},"loc":{"start":{"line":19,"column":29},"end":{"line":23,"column":5}},"line":19},"3":{"name":"(anonymous_3)","decl":{"start":{"line":47,"column":22},"end":{"line":47,"column":23}},"loc":{"start":{"line":47,"column":38},"end":{"line":50,"column":1}},"line":47}},"branchMap":{"0":{"loc":{"start":{"line":13,"column":41},"end":{"line":13,"column":79}},"type":"default-arg","locations":[{"start":{"line":13,"column":52},"end":{"line":13,"column":79}}],"line":13},"1":{"loc":{"start":{"line":14,"column":4},"end":{"line":15,"column":28}},"type":"if","locations":[{"start":{"line":14,"column":4},"end":{"line":15,"column":28}},{"start":{"line":14,"column":4},"end":{"line":15,"column":28}}],"line":14},"2":{"loc":{"start":{"line":20,"column":8},"end":{"line":21,"column":40}},"type":"if","locations":[{"start":{"line":20,"column":8},"end":{"line":21,"column":40}},{"start":{"line":20,"column":8},"end":{"line":21,"column":40}}],"line":20},"3":{"loc":{"start":{"line":26,"column":8},"end":{"line":32,"column":9}},"type":"if","locations":[{"start":{"line":26,"column":8},"end":{"line":32,"column":9}},{"start":{"line":26,"column":8},"end":{"line":32,"column":9}}],"line":26},"4":{"loc":{"start":{"line":27,"column":12},"end":{"line":28,"column":29}},"type":"if","locations":[{"start":{"line":27,"column":12},"end":{"line":28,"column":29}},{"start":{"line":27,"column":12},"end":{"line":28,"column":29}}],"line":27},"5":{"loc":{"start":{"line":30,"column":12},"end":{"line":31,"column":25}},"type":"if","locations":[{"start":{"line":30,"column":12},"end":{"line":31,"column":25}},{"start":{"line":30,"column":12},"end":{"line":31,"column":25}}],"line":30},"6":{"loc":{"start":{"line":33,"column":8},"end":{"line":39,"column":9}},"type":"if","locations":[{"start":{"line":33,"column":8},"end":{"line":39,"column":9}},{"start":{"line":33,"column":8},"end":{"line":39,"column":9}}],"line":33},"7":{"loc":{"start":{"line":35,"column":12},"end":{"line":38,"column":13}},"type":"if","locations":[{"start":{"line":35,"column":12},"end":{"line":38,"column":13}},{"start":{"line":35,"column":12},"end":{"line":38,"column":13}}],"line":35},"8":{"loc":{"start":{"line":42,"column":4},"end":{"line":43,"column":36}},"type":"if","locations":[{"start":{"line":42,"column":4},"end":{"line":43,"column":36}},{"start":{"line":42,"column":4},"end":{"line":43,"column":36}}],"line":42}},"s":{"0":1,"1":1,"2":1,"3":0,"4":0,"5":1,"6":1,"7":1,"8":6,"9":1,"10":5,"11":5,"12":5,"13":5,"14":20,"15":14,"16":20,"17":5,"18":5,"19":193,"20":193,"21":16,"22":10,"23":16,"24":16,"25":10,"26":183,"27":16,"28":16,"29":10,"30":10,"31":173,"32":5,"33":1,"34":5,"35":1,"36":1,"37":2,"38":2,"39":1},"f":{"0":0,"1":6,"2":20,"3":2},"b":{"0":[6],"1":[1,5],"2":[14,6],"3":[16,177],"4":[10,6],"5":[10,6],"6":[16,167],"7":[10,6],"8":[1,4]},"inputSourceMap":{"version":3,"file":"parenthesis.js","sourceRoot":"","sources":["../../../../src/utils/strings/parenthesis.ts"],"names":[],"mappings":";;;AAKO,MAAM,cAAc,GAAG,CAAC,UAAkB,EAAE,SAAoB,EAAY,EAAE;IACjF,MAAM,MAAM,GAAa,UAAU,CAAC,KAAK,CAAC,SAAS,CAAC,CAAC;IACrD,OAAO,MAAM,CAAC;AAClB,CAAC,CAAC;AAHW,QAAA,cAAc,kBAGzB;AAOW,QAAA,mBAAmB,GAAG;IAC/B,IAAI,EAAE,GAAG;IACT,KAAK,EAAE,GAAG;CACb,CAAC;AAEK,MAAM,mBAAmB,GAAG,CAC/B,UAAkB,EAClB,WAA2B,2BAAmB,EAClC,EAAE;IAEd,IAAG,CAAC,UAAU,CAAC,QAAQ,CAAC,QAAQ,CAAC,IAAI,CAAC;QAAE,OAAO,CAAC,UAAU,CAAC,CAAC;IAE5D,MAAM,MAAM,GAAY,EAAE,CAAC;IAC3B,IAAI,OAAO,GAAG,EAAE,CAAC;IACjB,IAAI,gBAAgB,GAAG,CAAC,CAAC;IACzB,MAAM,UAAU,GAAG,GAAG,EAAE;QACpB,IAAG,OAAO,CAAC,IAAI,EAAE,CAAC,MAAM,GAAG,CAAC;YAAE,MAAM,CAAC,IAAI,CAAC,OAAO,CAAC,IAAI,EAAE,CAAC,CAAC;QAC1D,OAAO,GAAG,EAAE,CAAC;IACjB,CAAC,CAAC;IACF,KAAI,IAAI,CAAC,GAAG,CAAC,EAAE,CAAC,GAAG,UAAU,CAAC,MAAM,EAAE,CAAC,EAAE,EAAE;QACvC,MAAM,IAAI,GAAG,UAAU,CAAC,CAAC,CAAC,CAAC;QAC3B,IAAG,IAAI,KAAK,QAAQ,CAAC,IAAI,EAAE;YACvB,IAAG,gBAAgB,KAAK,CAAC;gBAAE,UAAU,EAAE,CAAC;YACxC,gBAAgB,EAAE,CAAC;YACnB,IAAG,gBAAgB,KAAK,CAAC;gBAAE,SAAS;SACvC;QACD,IAAG,IAAI,KAAK,QAAQ,CAAC,KAAK,EAAE;YACxB,gBAAgB,EAAE,CAAC;YACnB,IAAG,gBAAgB,KAAK,CAAC,EAAE;gBACvB,UAAU,EAAE,CAAC;gBACb,SAAS;aACZ;SACJ;QACD,OAAO,IAAI,IAAI,CAAC;KACnB;IACD,IAAI,OAAO,CAAC,IAAI,EAAE,CAAC,MAAM,GAAG,CAAC;QAAE,MAAM,CAAC,IAAI,CAAC,OAAO,CAAC,IAAI,EAAE,CAAC,CAAC;IAC3D,OAAO,MAAM,CAAC;AAClB,CAAC,CAAA;AAhCY,QAAA,mBAAmB,uBAgC/B;AAIM,MAAM,aAAa,GAAG,CAAC,UAAkB,EAAY,EAAE;IAC1D,MAAM,MAAM,GAAG,IAAA,2BAAmB,EAAC,UAAU,CAAC,CAAC;IAC/C,OAAO,MAAM,CAAC;AAClB,CAAC,CAAC;AAHW,QAAA,aAAa,iBAGxB"},"_coverageSchema":"1a1c01bbd47fc00a2c39e90264f33305004495a9","hash":"7029f09171bc676997b931c8729f25c89fe3d908","contentHash":"9bfb2a2e8e35486b208fe4affab573b6258115c1be0c50f23817c154b1f1f879"},"C:\\00\\home\\Franc\\01_Projects\\neuron-fac\\dist\\tests\\src\\utils\\uuid.js":{"path":"C:\\00\\home\\Franc\\01_Projects\\neuron-fac\\dist\\tests\\src\\utils\\uuid.js","statementMap":{"0":{"start":{"line":2,"column":0},"end":{"line":2,"column":62}},"1":{"start":{"line":3,"column":15},"end":{"line":3,"column":30}},"2":{"start":{"line":4,"column":15},"end":{"line":4,"column":49}},"3":{"start":{"line":5,"column":0},"end":{"line":11,"column":3}},"4":{"start":{"line":6,"column":4},"end":{"line":10,"column":7}},"5":{"start":{"line":7,"column":21},"end":{"line":7,"column":42}},"6":{"start":{"line":8,"column":8},"end":{"line":8,"column":51}},"7":{"start":{"line":9,"column":8},"end":{"line":9,"column":54}}},"fnMap":{"0":{"name":"(anonymous_0)","decl":{"start":{"line":5,"column":29},"end":{"line":5,"column":30}},"loc":{"start":{"line":5,"column":35},"end":{"line":11,"column":1}},"line":5},"1":{"name":"(anonymous_1)","decl":{"start":{"line":6,"column":32},"end":{"line":6,"column":33}},"loc":{"start":{"line":6,"column":38},"end":{"line":10,"column":5}},"line":6}},"branchMap":{},"s":{"0":1,"1":1,"2":1,"3":1,"4":1,"5":1,"6":1,"7":1},"f":{"0":1,"1":1},"b":{},"inputSourceMap":{"version":3,"file":"uuid.js","sourceRoot":"","sources":["../../../../tests/src/utils/uuid.ts"],"names":[],"mappings":";;AAAA,+BAA8B;AAC9B,kDAAkD;AAElD,QAAQ,CAAC,kBAAkB,EAAE,GAAG,EAAE;IAC9B,EAAE,CAAC,uBAAuB,EAAE,GAAG,EAAE;QAC7B,MAAM,IAAI,GAAG,IAAA,cAAO,GAAE,CAAC;QACvB,IAAA,aAAM,EAAC,IAAI,CAAC,CAAC,EAAE,CAAC,EAAE,CAAC,CAAC,CAAC,QAAQ,CAAC,CAAC;QAC/B,IAAA,aAAM,EAAC,IAAI,CAAC,CAAC,EAAE,CAAC,IAAI,CAAC,QAAQ,CAAC,EAAE,CAAC,CAAC;IACtC,CAAC,CAAC,CAAC;AACP,CAAC,CAAC,CAAC"},"_coverageSchema":"1a1c01bbd47fc00a2c39e90264f33305004495a9","hash":"964e254ee9f970e8d79618287a58cd299f5f6e79","contentHash":"387969086229da4f359de7ceb0c07cfd0552889bbdebab6c4e06fe408fa5d69d"}}